{"/home/travis/build/npmtest/node-npmtest-coinbase/test.js":{"path":"/home/travis/build/npmtest/node-npmtest-coinbase/test.js","s":{"1":2,"2":2,"3":2,"4":2,"5":2,"6":2,"7":2,"8":1,"9":2,"10":2,"11":1,"12":1,"13":1,"14":1,"15":2,"16":2,"17":2,"18":2,"19":1,"20":1,"21":2,"22":2,"23":2,"24":1,"25":1,"26":1,"27":1,"28":1,"29":1,"30":1,"31":1,"32":1,"33":1,"34":1,"35":1,"36":1,"37":1,"38":1,"39":2,"40":2,"41":1,"42":2,"43":2,"44":1,"45":2,"46":2,"47":1,"48":2,"49":2,"50":1,"51":1,"52":1,"53":1,"54":1},"b":{"1":[2,1,1,1],"2":[1,1,1,1],"3":[1,1],"4":[1,1],"5":[1,1],"6":[1,1],"7":[1,1],"8":[1,1],"9":[1,1],"10":[1,1,1],"11":[1,1],"12":[1,1],"13":[1,1],"14":[1,1],"15":[1,1],"16":[1,1],"17":[1,1]},"f":{"1":2,"2":2,"3":2,"4":2,"5":2,"6":1,"7":1,"8":1,"9":2,"10":2,"11":2,"12":2,"13":1},"fnMap":{"1":{"name":"(anonymous_1)","line":12,"loc":{"start":{"line":12,"column":1},"end":{"line":12,"column":13}}},"2":{"name":"(anonymous_2)","line":19,"loc":{"start":{"line":19,"column":5},"end":{"line":19,"column":17}}},"3":{"name":"(anonymous_3)","line":23,"loc":{"start":{"line":23,"column":24},"end":{"line":23,"column":36}}},"4":{"name":"(anonymous_4)","line":61,"loc":{"start":{"line":61,"column":5},"end":{"line":61,"column":17}}},"5":{"name":"(anonymous_5)","line":82,"loc":{"start":{"line":82,"column":5},"end":{"line":82,"column":17}}},"6":{"name":"(anonymous_6)","line":91,"loc":{"start":{"line":91,"column":77},"end":{"line":94,"column":10}}},"7":{"name":"(anonymous_7)","line":112,"loc":{"start":{"line":112,"column":83},"end":{"line":115,"column":10}},"skip":true},"8":{"name":"(anonymous_8)","line":123,"loc":{"start":{"line":123,"column":77},"end":{"line":126,"column":10}},"skip":true},"9":{"name":"(anonymous_9)","line":139,"loc":{"start":{"line":139,"column":12},"end":{"line":139,"column":40}},"skip":true},"10":{"name":"(anonymous_10)","line":147,"loc":{"start":{"line":147,"column":77},"end":{"line":150,"column":10}},"skip":true},"11":{"name":"(anonymous_11)","line":158,"loc":{"start":{"line":158,"column":83},"end":{"line":161,"column":10}},"skip":true},"12":{"name":"(anonymous_12)","line":169,"loc":{"start":{"line":169,"column":79},"end":{"line":172,"column":10}},"skip":true},"13":{"name":"(anonymous_13)","line":180,"loc":{"start":{"line":180,"column":75},"end":{"line":183,"column":10}},"skip":true}},"statementMap":{"1":{"start":{"line":12,"column":0},"end":{"line":195,"column":5}},"2":{"start":{"line":14,"column":4},"end":{"line":14,"column":14}},"3":{"start":{"line":19,"column":4},"end":{"line":56,"column":9}},"4":{"start":{"line":21,"column":8},"end":{"line":21,"column":19}},"5":{"start":{"line":23,"column":8},"end":{"line":35,"column":13}},"6":{"start":{"line":24,"column":12},"end":{"line":34,"column":13}},"7":{"start":{"line":25,"column":16},"end":{"line":28,"column":30}},"8":{"start":{"line":30,"column":16},"end":{"line":33,"column":27}},"9":{"start":{"line":37,"column":8},"end":{"line":39,"column":21}},"10":{"start":{"line":40,"column":8},"end":{"line":53,"column":9}},"11":{"start":{"line":43,"column":12},"end":{"line":46,"column":14}},"12":{"start":{"line":47,"column":12},"end":{"line":47,"column":18}},"13":{"start":{"line":50,"column":12},"end":{"line":51,"column":46}},"14":{"start":{"line":52,"column":12},"end":{"line":52,"column":18}},"15":{"start":{"line":55,"column":8},"end":{"line":55,"column":35}},"16":{"start":{"line":61,"column":4},"end":{"line":63,"column":9}},"17":{"start":{"line":62,"column":8},"end":{"line":62,"column":15}},"18":{"start":{"line":64,"column":4},"end":{"line":77,"column":5}},"19":{"start":{"line":70,"column":8},"end":{"line":70,"column":14}},"20":{"start":{"line":76,"column":8},"end":{"line":76,"column":14}},"21":{"start":{"line":82,"column":4},"end":{"line":84,"column":9}},"22":{"start":{"line":83,"column":8},"end":{"line":83,"column":15}},"23":{"start":{"line":85,"column":4},"end":{"line":194,"column":5}},"24":{"start":{"line":91,"column":8},"end":{"line":99,"column":10}},"25":{"start":{"line":98,"column":12},"end":{"line":98,"column":35}},"26":{"start":{"line":102,"column":8},"end":{"line":104,"column":63}},"27":{"start":{"line":105,"column":8},"end":{"line":105,"column":14}},"28":{"start":{"line":112,"column":8},"end":{"line":121,"column":10},"skip":true},"29":{"start":{"line":119,"column":12},"end":{"line":119,"column":55},"skip":true},"30":{"start":{"line":120,"column":12},"end":{"line":120,"column":48},"skip":true},"31":{"start":{"line":123,"column":8},"end":{"line":136,"column":10},"skip":true},"32":{"start":{"line":130,"column":12},"end":{"line":130,"column":76},"skip":true},"33":{"start":{"line":131,"column":12},"end":{"line":131,"column":73},"skip":true},"34":{"start":{"line":132,"column":12},"end":{"line":132,"column":74},"skip":true},"35":{"start":{"line":133,"column":12},"end":{"line":133,"column":79},"skip":true},"36":{"start":{"line":134,"column":12},"end":{"line":134,"column":25},"skip":true},"37":{"start":{"line":135,"column":12},"end":{"line":135,"column":45},"skip":true},"38":{"start":{"line":138,"column":8},"end":{"line":145,"column":14},"skip":true},"39":{"start":{"line":143,"column":16},"end":{"line":143,"column":29},"skip":true},"40":{"start":{"line":144,"column":16},"end":{"line":144,"column":55},"skip":true},"41":{"start":{"line":147,"column":8},"end":{"line":156,"column":10},"skip":true},"42":{"start":{"line":154,"column":12},"end":{"line":154,"column":25},"skip":true},"43":{"start":{"line":155,"column":12},"end":{"line":155,"column":45},"skip":true},"44":{"start":{"line":158,"column":8},"end":{"line":167,"column":10},"skip":true},"45":{"start":{"line":165,"column":12},"end":{"line":165,"column":25},"skip":true},"46":{"start":{"line":166,"column":12},"end":{"line":166,"column":48},"skip":true},"47":{"start":{"line":169,"column":8},"end":{"line":178,"column":10},"skip":true},"48":{"start":{"line":176,"column":12},"end":{"line":176,"column":25},"skip":true},"49":{"start":{"line":177,"column":12},"end":{"line":177,"column":46},"skip":true},"50":{"start":{"line":180,"column":8},"end":{"line":189,"column":10},"skip":true},"51":{"start":{"line":187,"column":12},"end":{"line":187,"column":94},"skip":true},"52":{"start":{"line":188,"column":12},"end":{"line":188,"column":48},"skip":true},"53":{"start":{"line":192,"column":8},"end":{"line":192,"column":35},"skip":true},"54":{"start":{"line":193,"column":8},"end":{"line":193,"column":14},"skip":true}},"branchMap":{"1":{"line":25,"type":"binary-expr","locations":[{"start":{"line":25,"column":23},"end":{"line":25,"column":62}},{"start":{"line":26,"column":20},"end":{"line":26,"column":70}},{"start":{"line":27,"column":20},"end":{"line":27,"column":71}},{"start":{"line":28,"column":20},"end":{"line":28,"column":29}}]},"2":{"line":30,"type":"binary-expr","locations":[{"start":{"line":30,"column":23},"end":{"line":30,"column":37}},{"start":{"line":31,"column":20},"end":{"line":31,"column":61}},{"start":{"line":32,"column":20},"end":{"line":32,"column":70}},{"start":{"line":33,"column":20},"end":{"line":33,"column":26}}]},"3":{"line":37,"type":"cond-expr","locations":[{"start":{"line":38,"column":14},"end":{"line":38,"column":20}},{"start":{"line":39,"column":14},"end":{"line":39,"column":20}}]},"4":{"line":40,"type":"switch","locations":[{"start":{"line":42,"column":8},"end":{"line":47,"column":18}},{"start":{"line":49,"column":8},"end":{"line":52,"column":18}}]},"5":{"line":44,"type":"binary-expr","locations":[{"start":{"line":44,"column":16},"end":{"line":44,"column":44}},{"start":{"line":44,"column":48},"end":{"line":44,"column":66}}]},"6":{"line":50,"type":"binary-expr","locations":[{"start":{"line":50,"column":21},"end":{"line":50,"column":49}},{"start":{"line":50,"column":53},"end":{"line":50,"column":72}}]},"7":{"line":64,"type":"switch","locations":[{"start":{"line":69,"column":4},"end":{"line":70,"column":14}},{"start":{"line":75,"column":4},"end":{"line":76,"column":14}}]},"8":{"line":85,"type":"switch","locations":[{"start":{"line":90,"column":4},"end":{"line":105,"column":14}},{"start":{"line":111,"column":4},"end":{"line":193,"column":14},"skip":true}]},"9":{"line":91,"type":"binary-expr","locations":[{"start":{"line":91,"column":42},"end":{"line":91,"column":73}},{"start":{"line":91,"column":77},"end":{"line":99,"column":9}}]},"10":{"line":102,"type":"binary-expr","locations":[{"start":{"line":102,"column":18},"end":{"line":102,"column":32}},{"start":{"line":103,"column":12},"end":{"line":103,"column":53}},{"start":{"line":104,"column":12},"end":{"line":104,"column":61}}]},"11":{"line":112,"type":"binary-expr","locations":[{"start":{"line":112,"column":45},"end":{"line":112,"column":79},"skip":true},{"start":{"line":112,"column":83},"end":{"line":121,"column":9},"skip":true}]},"12":{"line":123,"type":"binary-expr","locations":[{"start":{"line":123,"column":42},"end":{"line":123,"column":73},"skip":true},{"start":{"line":123,"column":77},"end":{"line":136,"column":9},"skip":true}]},"13":{"line":138,"type":"binary-expr","locations":[{"start":{"line":138,"column":48},"end":{"line":138,"column":85},"skip":true},{"start":{"line":139,"column":12},"end":{"line":145,"column":13},"skip":true}]},"14":{"line":147,"type":"binary-expr","locations":[{"start":{"line":147,"column":42},"end":{"line":147,"column":73},"skip":true},{"start":{"line":147,"column":77},"end":{"line":156,"column":9},"skip":true}]},"15":{"line":158,"type":"binary-expr","locations":[{"start":{"line":158,"column":45},"end":{"line":158,"column":79},"skip":true},{"start":{"line":158,"column":83},"end":{"line":167,"column":9},"skip":true}]},"16":{"line":169,"type":"binary-expr","locations":[{"start":{"line":169,"column":43},"end":{"line":169,"column":75},"skip":true},{"start":{"line":169,"column":79},"end":{"line":178,"column":9},"skip":true}]},"17":{"line":180,"type":"binary-expr","locations":[{"start":{"line":180,"column":41},"end":{"line":180,"column":71},"skip":true},{"start":{"line":180,"column":75},"end":{"line":189,"column":9},"skip":true}]}},"code":["/* istanbul instrument in package npmtest_coinbase */","/*jslint","    bitwise: true,","    browser: true,","    maxerr: 8,","    maxlen: 96,","    node: true,","    nomen: true,","    regexp: true,","    stupid: true","*/","(function () {","    'use strict';","    var local;","","","","    // run shared js-env code - pre-init","    (function () {","        // init local","        local = {};","        // init modeJs","        local.modeJs = (function () {","            try {","                return typeof navigator.userAgent === 'string' &&","                    typeof document.querySelector('body') === 'object' &&","                    typeof XMLHttpRequest.prototype.open === 'function' &&","                    'browser';","            } catch (errorCaughtBrowser) {","                return module.exports &&","                    typeof process.versions.node === 'string' &&","                    typeof require('http').createServer === 'function' &&","                    'node';","            }","        }());","        // init global","        local.global = local.modeJs === 'browser'","            ? window","            : global;","        switch (local.modeJs) {","        // re-init local from window.local","        case 'browser':","            local = local.global.utility2.objectSetDefault(","                local.global.utility2_rollup || local.global.local,","                local.global.utility2","            );","            break;","        // re-init local from example.js","        case 'node':","            local = (local.global.utility2_rollup || require('utility2'))","                .requireExampleJsFromReadme();","            break;","        }","        // export local","        local.global.local = local;","    }());","","","","    // run shared js-env code - function","    (function () {","        return;","    }());","    switch (local.modeJs) {","","","","    // run browser js-env code - function","    case 'browser':","        break;","","","","    // run node js-env code - function","    case 'node':","        break;","    }","","","","    // run shared js-env code - post-init","    (function () {","        return;","    }());","    switch (local.modeJs) {","","","","    // run browser js-env code - post-init","    case 'browser':","        local.testCase_browser_nullCase = local.testCase_browser_nullCase || function (","            options,","            onError","        ) {","        /*","         * this function will test browsers's null-case handling-behavior-behavior","         */","            onError(null, options);","        };","","        // run tests","        local.nop(local.modeTest &&","            document.querySelector('#testRunButton1') &&","            document.querySelector('#testRunButton1').click());","        break;","","","","    // run node js-env code - post-init","    /* istanbul ignore next */","    case 'node':","        local.testCase_buildApidoc_default = local.testCase_buildApidoc_default || function (","            options,","            onError","        ) {","        /*","         * this function will test buildApidoc's default handling-behavior-behavior","         */","            options = { modulePathList: module.paths };","            local.buildApidoc(options, onError);","        };","","        local.testCase_buildApp_default = local.testCase_buildApp_default || function (","            options,","            onError","        ) {","        /*","         * this function will test buildApp's default handling-behavior-behavior","         */","            local.testCase_buildReadme_default(options, local.onErrorThrow);","            local.testCase_buildLib_default(options, local.onErrorThrow);","            local.testCase_buildTest_default(options, local.onErrorThrow);","            local.testCase_buildCustomOrg_default(options, local.onErrorThrow);","            options = [];","            local.buildApp(options, onError);","        };","","        local.testCase_buildCustomOrg_default = local.testCase_buildCustomOrg_default ||","            function (options, onError) {","            /*","             * this function will test buildCustomOrg's default handling-behavior","             */","                options = {};","                local.buildCustomOrg(options, onError);","            };","","        local.testCase_buildLib_default = local.testCase_buildLib_default || function (","            options,","            onError","        ) {","        /*","         * this function will test buildLib's default handling-behavior","         */","            options = {};","            local.buildLib(options, onError);","        };","","        local.testCase_buildReadme_default = local.testCase_buildReadme_default || function (","            options,","            onError","        ) {","        /*","         * this function will test buildReadme's default handling-behavior-behavior","         */","            options = {};","            local.buildReadme(options, onError);","        };","","        local.testCase_buildTest_default = local.testCase_buildTest_default || function (","            options,","            onError","        ) {","        /*","         * this function will test buildTest's default handling-behavior","         */","            options = {};","            local.buildTest(options, onError);","        };","","        local.testCase_webpage_default = local.testCase_webpage_default || function (","            options,","            onError","        ) {","        /*","         * this function will test webpage's default handling-behavior","         */","            options = { modeCoverageMerge: true, url: local.serverLocalHost + '?modeTest=1' };","            local.browserTest(options, onError);","        };","","        // run test-server","        local.testRunServer(local);","        break;","    }","}());",""],"l":{"12":2,"14":2,"19":2,"21":2,"23":2,"24":2,"25":2,"30":1,"37":2,"40":2,"43":1,"47":1,"50":1,"52":1,"55":2,"61":2,"62":2,"64":2,"70":1,"76":1,"82":2,"83":2,"85":2,"91":1,"98":1,"102":1,"105":1,"112":1,"119":1,"120":1,"123":1,"130":1,"131":1,"132":1,"133":1,"134":1,"135":1,"138":1,"143":2,"144":2,"147":1,"154":2,"155":2,"158":1,"165":2,"166":2,"169":1,"176":2,"177":2,"180":1,"187":1,"188":1,"192":1,"193":1}},"/home/travis/build/npmtest/node-npmtest-coinbase/lib.npmtest_coinbase.js":{"path":"/home/travis/build/npmtest/node-npmtest-coinbase/lib.npmtest_coinbase.js","s":{"1":2,"2":2,"3":2,"4":2,"5":2,"6":2,"7":2,"8":1,"9":2,"10":2,"11":2,"12":2,"13":1,"14":1,"15":1,"16":1},"b":{"1":[2,1,1,1],"2":[1,1,1,1],"3":[1,1],"4":[2,2],"5":[1,1]},"f":{"1":2,"2":2,"3":2},"fnMap":{"1":{"name":"(anonymous_1)","line":12,"loc":{"start":{"line":12,"column":1},"end":{"line":12,"column":13}}},"2":{"name":"(anonymous_2)","line":19,"loc":{"start":{"line":19,"column":5},"end":{"line":19,"column":17}}},"3":{"name":"(anonymous_3)","line":23,"loc":{"start":{"line":23,"column":24},"end":{"line":23,"column":36}}}},"statementMap":{"1":{"start":{"line":12,"column":0},"end":{"line":53,"column":5}},"2":{"start":{"line":14,"column":4},"end":{"line":14,"column":14}},"3":{"start":{"line":19,"column":4},"end":{"line":52,"column":9}},"4":{"start":{"line":21,"column":8},"end":{"line":21,"column":19}},"5":{"start":{"line":23,"column":8},"end":{"line":35,"column":13}},"6":{"start":{"line":24,"column":12},"end":{"line":34,"column":13}},"7":{"start":{"line":25,"column":16},"end":{"line":28,"column":30}},"8":{"start":{"line":30,"column":16},"end":{"line":33,"column":27}},"9":{"start":{"line":37,"column":8},"end":{"line":39,"column":21}},"10":{"start":{"line":41,"column":8},"end":{"line":41,"column":54}},"11":{"start":{"line":43,"column":8},"end":{"line":43,"column":53}},"12":{"start":{"line":45,"column":8},"end":{"line":51,"column":9}},"13":{"start":{"line":46,"column":12},"end":{"line":46,"column":59}},"14":{"start":{"line":48,"column":12},"end":{"line":48,"column":35}},"15":{"start":{"line":49,"column":12},"end":{"line":49,"column":49}},"16":{"start":{"line":50,"column":12},"end":{"line":50,"column":43}}},"branchMap":{"1":{"line":25,"type":"binary-expr","locations":[{"start":{"line":25,"column":23},"end":{"line":25,"column":62}},{"start":{"line":26,"column":20},"end":{"line":26,"column":70}},{"start":{"line":27,"column":20},"end":{"line":27,"column":71}},{"start":{"line":28,"column":20},"end":{"line":28,"column":29}}]},"2":{"line":30,"type":"binary-expr","locations":[{"start":{"line":30,"column":23},"end":{"line":30,"column":37}},{"start":{"line":31,"column":20},"end":{"line":31,"column":61}},{"start":{"line":32,"column":20},"end":{"line":32,"column":70}},{"start":{"line":33,"column":20},"end":{"line":33,"column":26}}]},"3":{"line":37,"type":"cond-expr","locations":[{"start":{"line":38,"column":14},"end":{"line":38,"column":20}},{"start":{"line":39,"column":14},"end":{"line":39,"column":20}}]},"4":{"line":41,"type":"binary-expr","locations":[{"start":{"line":41,"column":16},"end":{"line":41,"column":44}},{"start":{"line":41,"column":48},"end":{"line":41,"column":53}}]},"5":{"line":45,"type":"if","locations":[{"start":{"line":45,"column":8},"end":{"line":45,"column":8}},{"start":{"line":45,"column":8},"end":{"line":45,"column":8}}]}},"code":["/* istanbul instrument in package npmtest_coinbase */","/*jslint","    bitwise: true,","    browser: true,","    maxerr: 8,","    maxlen: 96,","    node: true,","    nomen: true,","    regexp: true,","    stupid: true","*/","(function () {","    'use strict';","    var local;","","","","    // run shared js-env code - pre-init","    (function () {","        // init local","        local = {};","        // init modeJs","        local.modeJs = (function () {","            try {","                return typeof navigator.userAgent === 'string' &&","                    typeof document.querySelector('body') === 'object' &&","                    typeof XMLHttpRequest.prototype.open === 'function' &&","                    'browser';","            } catch (errorCaughtBrowser) {","                return module.exports &&","                    typeof process.versions.node === 'string' &&","                    typeof require('http').createServer === 'function' &&","                    'node';","            }","        }());","        // init global","        local.global = local.modeJs === 'browser'","            ? window","            : global;","        // init utility2_rollup","        local = local.global.utility2_rollup || local;","        // init lib","        local.local = local.npmtest_coinbase = local;","        // init exports","        if (local.modeJs === 'browser') {","            local.global.utility2_npmtest_coinbase = local;","        } else {","            module.exports = local;","            module.exports.__dirname = __dirname;","            module.exports.module = module;","        }","    }());","}());",""],"l":{"12":2,"14":2,"19":2,"21":2,"23":2,"24":2,"25":2,"30":1,"37":2,"41":2,"43":2,"45":2,"46":1,"48":1,"49":1,"50":1}},"/home/travis/build/npmtest/node-npmtest-coinbase/example.js":{"path":"/home/travis/build/npmtest/node-npmtest-coinbase/example.js","s":{"1":2,"2":2,"3":2,"4":2,"5":2,"6":2,"7":2,"8":1,"9":2,"10":2,"11":2,"12":2,"13":1,"14":2,"15":2,"16":2,"17":2,"18":2,"19":0,"20":2,"21":1,"22":1,"23":1,"24":1,"25":1,"26":0,"27":0,"28":1,"29":1,"30":2,"31":0,"32":0,"33":0,"34":1,"35":2,"36":2,"37":3,"38":3,"39":3,"40":3,"41":0,"42":3,"43":3,"44":3,"45":1,"46":3,"47":1,"48":1,"49":1,"50":1,"51":1,"52":1,"53":1,"54":1,"55":1,"56":1,"57":0,"58":1,"59":6,"60":6,"61":1,"62":2,"63":0,"64":2,"65":1,"66":1,"67":0,"68":0,"69":0,"70":0,"71":0,"72":0,"73":0,"74":0,"75":0,"76":0,"77":0,"78":0,"79":0,"80":0,"81":0,"82":0,"83":0},"b":{"1":[2,1,1,1],"2":[1,1,1,1],"3":[1,1],"4":[2,2],"5":[1,1],"6":[1,1],"7":[2,0],"8":[2,1,1,1,1,1],"9":[0,2,0],"10":[1,1],"11":[2,1,1],"12":[1,0],"13":[0,2],"14":[2,0,0,0,0,0,0],"15":[0,3],"16":[3,0],"17":[1,1],"18":[0,1],"19":[1,2,0,2],"20":[1,0],"21":[1,1],"22":[0,0],"23":[0,0],"24":[0,0],"25":[0,0],"26":[0,0],"27":[0,0],"28":[0,0]},"f":{"1":2,"2":2,"3":2,"4":2,"5":2,"6":2,"7":3,"8":3,"9":3,"10":1,"11":6,"12":0},"fnMap":{"1":{"name":"(anonymous_1)","line":26,"loc":{"start":{"line":26,"column":1},"end":{"line":26,"column":13}}},"2":{"name":"(anonymous_2)","line":33,"loc":{"start":{"line":33,"column":5},"end":{"line":33,"column":17}}},"3":{"name":"(anonymous_3)","line":37,"loc":{"start":{"line":37,"column":24},"end":{"line":37,"column":36}}},"4":{"name":"(anonymous_4)","line":69,"loc":{"start":{"line":69,"column":31},"end":{"line":69,"column":48}},"skip":true},"5":{"name":"(anonymous_5)","line":78,"loc":{"start":{"line":78,"column":26},"end":{"line":78,"column":45}},"skip":true},"6":{"name":"(anonymous_6)","line":123,"loc":{"start":{"line":123,"column":33},"end":{"line":123,"column":48}},"skip":true},"7":{"name":"(anonymous_7)","line":125,"loc":{"start":{"line":125,"column":27},"end":{"line":125,"column":39}},"skip":true},"8":{"name":"(anonymous_8)","line":133,"loc":{"start":{"line":133,"column":59},"end":{"line":133,"column":74}},"skip":true},"9":{"name":"(anonymous_9)","line":143,"loc":{"start":{"line":143,"column":45},"end":{"line":143,"column":62}},"skip":true},"10":{"name":"(anonymous_10)","line":144,"loc":{"start":{"line":144,"column":73},"end":{"line":144,"column":92}},"skip":true},"11":{"name":"(anonymous_11)","line":272,"loc":{"start":{"line":272,"column":51},"end":{"line":272,"column":77}},"skip":true},"12":{"name":"(anonymous_12)","line":315,"loc":{"start":{"line":315,"column":32},"end":{"line":315,"column":61}},"skip":true}},"statementMap":{"1":{"start":{"line":26,"column":0},"end":{"line":326,"column":5}},"2":{"start":{"line":28,"column":4},"end":{"line":28,"column":14}},"3":{"start":{"line":33,"column":4},"end":{"line":60,"column":9}},"4":{"start":{"line":35,"column":8},"end":{"line":35,"column":19}},"5":{"start":{"line":37,"column":8},"end":{"line":49,"column":13}},"6":{"start":{"line":38,"column":12},"end":{"line":48,"column":13}},"7":{"start":{"line":39,"column":16},"end":{"line":42,"column":30}},"8":{"start":{"line":44,"column":16},"end":{"line":47,"column":27}},"9":{"start":{"line":51,"column":8},"end":{"line":53,"column":21}},"10":{"start":{"line":55,"column":8},"end":{"line":57,"column":45}},"11":{"start":{"line":59,"column":8},"end":{"line":59,"column":35}},"12":{"start":{"line":61,"column":4},"end":{"line":325,"column":5}},"13":{"start":{"line":69,"column":8},"end":{"line":121,"column":10},"skip":true},"14":{"start":{"line":70,"column":12},"end":{"line":88,"column":13},"skip":true},"15":{"start":{"line":76,"column":16},"end":{"line":87,"column":19},"skip":true},"16":{"start":{"line":79,"column":20},"end":{"line":86,"column":21},"skip":true},"17":{"start":{"line":82,"column":24},"end":{"line":82,"column":43},"skip":true},"18":{"start":{"line":83,"column":24},"end":{"line":83,"column":30},"skip":true},"19":{"start":{"line":85,"column":24},"end":{"line":85,"column":49},"skip":true},"20":{"start":{"line":89,"column":12},"end":{"line":107,"column":13},"skip":true},"21":{"start":{"line":92,"column":16},"end":{"line":102,"column":17},"skip":true},"22":{"start":{"line":93,"column":20},"end":{"line":93,"column":86},"skip":true},"23":{"start":{"line":94,"column":20},"end":{"line":95,"column":45},"skip":true},"24":{"start":{"line":96,"column":20},"end":{"line":96,"column":42},"skip":true},"25":{"start":{"line":97,"column":20},"end":{"line":97,"column":48},"skip":true},"26":{"start":{"line":100,"column":20},"end":{"line":100,"column":85},"skip":true},"27":{"start":{"line":101,"column":20},"end":{"line":101,"column":96},"skip":true},"28":{"start":{"line":103,"column":16},"end":{"line":103,"column":22},"skip":true},"29":{"start":{"line":106,"column":16},"end":{"line":106,"column":22},"skip":true},"30":{"start":{"line":108,"column":12},"end":{"line":120,"column":13},"skip":true},"31":{"start":{"line":114,"column":16},"end":{"line":119,"column":17},"skip":true},"32":{"start":{"line":116,"column":20},"end":{"line":116,"column":78},"skip":true},"33":{"start":{"line":118,"column":20},"end":{"line":118,"column":47},"skip":true},"34":{"start":{"line":123,"column":8},"end":{"line":141,"column":11},"skip":true},"35":{"start":{"line":124,"column":12},"end":{"line":124,"column":54},"skip":true},"36":{"start":{"line":125,"column":12},"end":{"line":140,"column":14},"skip":true},"37":{"start":{"line":126,"column":16},"end":{"line":126,"column":28},"skip":true},"38":{"start":{"line":127,"column":16},"end":{"line":127,"column":69},"skip":true},"39":{"start":{"line":128,"column":16},"end":{"line":128,"column":75},"skip":true},"40":{"start":{"line":129,"column":16},"end":{"line":131,"column":17},"skip":true},"41":{"start":{"line":130,"column":20},"end":{"line":130,"column":27},"skip":true},"42":{"start":{"line":133,"column":16},"end":{"line":137,"column":36},"skip":true},"43":{"start":{"line":134,"column":20},"end":{"line":136,"column":55},"skip":true},"44":{"start":{"line":139,"column":16},"end":{"line":139,"column":57},"skip":true},"45":{"start":{"line":143,"column":8},"end":{"line":147,"column":11},"skip":true},"46":{"start":{"line":144,"column":12},"end":{"line":146,"column":15},"skip":true},"47":{"start":{"line":145,"column":16},"end":{"line":145,"column":70},"skip":true},"48":{"start":{"line":149,"column":8},"end":{"line":149,"column":31},"skip":true},"49":{"start":{"line":150,"column":8},"end":{"line":150,"column":14},"skip":true},"50":{"start":{"line":158,"column":8},"end":{"line":158,"column":31},"skip":true},"51":{"start":{"line":160,"column":8},"end":{"line":160,"column":33},"skip":true},"52":{"start":{"line":161,"column":8},"end":{"line":161,"column":37},"skip":true},"53":{"start":{"line":162,"column":8},"end":{"line":162,"column":35},"skip":true},"54":{"start":{"line":164,"column":8},"end":{"line":164,"column":50},"skip":true},"55":{"start":{"line":166,"column":8},"end":{"line":256,"column":2},"skip":true},"56":{"start":{"line":258,"column":8},"end":{"line":286,"column":9},"skip":true},"57":{"start":{"line":259,"column":12},"end":{"line":269,"column":14},"skip":true},"58":{"start":{"line":271,"column":12},"end":{"line":285,"column":19},"skip":true},"59":{"start":{"line":274,"column":20},"end":{"line":274,"column":35},"skip":true},"60":{"start":{"line":275,"column":20},"end":{"line":284,"column":21},"skip":true},"61":{"start":{"line":277,"column":24},"end":{"line":277,"column":64},"skip":true},"62":{"start":{"line":279,"column":24},"end":{"line":279,"column":40},"skip":true},"63":{"start":{"line":281,"column":24},"end":{"line":281,"column":40},"skip":true},"64":{"start":{"line":283,"column":24},"end":{"line":283,"column":39},"skip":true},"65":{"start":{"line":288,"column":8},"end":{"line":290,"column":9},"skip":true},"66":{"start":{"line":289,"column":12},"end":{"line":289,"column":18},"skip":true},"67":{"start":{"line":291,"column":8},"end":{"line":293,"column":54},"skip":true},"68":{"start":{"line":296,"column":8},"end":{"line":301,"column":37},"skip":true},"69":{"start":{"line":303,"column":8},"end":{"line":303,"column":82},"skip":true},"70":{"start":{"line":306,"column":8},"end":{"line":308,"column":9},"skip":true},"71":{"start":{"line":307,"column":12},"end":{"line":307,"column":82},"skip":true},"72":{"start":{"line":310,"column":8},"end":{"line":312,"column":9},"skip":true},"73":{"start":{"line":311,"column":12},"end":{"line":311,"column":18},"skip":true},"74":{"start":{"line":313,"column":8},"end":{"line":313,"column":54},"skip":true},"75":{"start":{"line":314,"column":8},"end":{"line":314,"column":69},"skip":true},"76":{"start":{"line":315,"column":8},"end":{"line":323,"column":36},"skip":true},"77":{"start":{"line":316,"column":12},"end":{"line":316,"column":61},"skip":true},"78":{"start":{"line":317,"column":12},"end":{"line":320,"column":13},"skip":true},"79":{"start":{"line":318,"column":16},"end":{"line":318,"column":75},"skip":true},"80":{"start":{"line":319,"column":16},"end":{"line":319,"column":23},"skip":true},"81":{"start":{"line":321,"column":12},"end":{"line":321,"column":38},"skip":true},"82":{"start":{"line":322,"column":12},"end":{"line":322,"column":27},"skip":true},"83":{"start":{"line":324,"column":8},"end":{"line":324,"column":14},"skip":true}},"branchMap":{"1":{"line":39,"type":"binary-expr","locations":[{"start":{"line":39,"column":23},"end":{"line":39,"column":62}},{"start":{"line":40,"column":20},"end":{"line":40,"column":70}},{"start":{"line":41,"column":20},"end":{"line":41,"column":71}},{"start":{"line":42,"column":20},"end":{"line":42,"column":29}}]},"2":{"line":44,"type":"binary-expr","locations":[{"start":{"line":44,"column":23},"end":{"line":44,"column":37}},{"start":{"line":45,"column":20},"end":{"line":45,"column":61}},{"start":{"line":46,"column":20},"end":{"line":46,"column":70}},{"start":{"line":47,"column":20},"end":{"line":47,"column":26}}]},"3":{"line":51,"type":"cond-expr","locations":[{"start":{"line":52,"column":14},"end":{"line":52,"column":20}},{"start":{"line":53,"column":14},"end":{"line":53,"column":20}}]},"4":{"line":55,"type":"binary-expr","locations":[{"start":{"line":55,"column":16},"end":{"line":55,"column":44}},{"start":{"line":55,"column":49},"end":{"line":57,"column":43}}]},"5":{"line":55,"type":"cond-expr","locations":[{"start":{"line":56,"column":14},"end":{"line":56,"column":52}},{"start":{"line":57,"column":14},"end":{"line":57,"column":43}}]},"6":{"line":61,"type":"switch","locations":[{"start":{"line":68,"column":4},"end":{"line":150,"column":14},"skip":true},{"start":{"line":156,"column":4},"end":{"line":324,"column":14},"skip":true}]},"7":{"line":70,"type":"if","locations":[{"start":{"line":70,"column":12},"end":{"line":70,"column":12},"skip":true},{"start":{"line":70,"column":12},"end":{"line":70,"column":12},"skip":true}]},"8":{"line":70,"type":"binary-expr","locations":[{"start":{"line":70,"column":16},"end":{"line":70,"column":22},"skip":true},{"start":{"line":70,"column":27},"end":{"line":70,"column":32},"skip":true},{"start":{"line":71,"column":20},"end":{"line":71,"column":39},"skip":true},{"start":{"line":72,"column":20},"end":{"line":72,"column":49},"skip":true},{"start":{"line":73,"column":20},"end":{"line":73,"column":58},"skip":true},{"start":{"line":74,"column":20},"end":{"line":74,"column":69},"skip":true}]},"9":{"line":79,"type":"switch","locations":[{"start":{"line":80,"column":20},"end":{"line":80,"column":33},"skip":true},{"start":{"line":81,"column":20},"end":{"line":83,"column":30},"skip":true},{"start":{"line":84,"column":20},"end":{"line":85,"column":49},"skip":true}]},"10":{"line":89,"type":"switch","locations":[{"start":{"line":90,"column":12},"end":{"line":103,"column":22},"skip":true},{"start":{"line":105,"column":12},"end":{"line":106,"column":22},"skip":true}]},"11":{"line":89,"type":"binary-expr","locations":[{"start":{"line":89,"column":20},"end":{"line":89,"column":25},"skip":true},{"start":{"line":89,"column":29},"end":{"line":89,"column":48},"skip":true},{"start":{"line":89,"column":52},"end":{"line":89,"column":74},"skip":true}]},"12":{"line":92,"type":"if","locations":[{"start":{"line":92,"column":16},"end":{"line":92,"column":16},"skip":true},{"start":{"line":92,"column":16},"end":{"line":92,"column":16},"skip":true}]},"13":{"line":108,"type":"if","locations":[{"start":{"line":108,"column":12},"end":{"line":108,"column":12},"skip":true},{"start":{"line":108,"column":12},"end":{"line":108,"column":12},"skip":true}]},"14":{"line":108,"type":"binary-expr","locations":[{"start":{"line":108,"column":16},"end":{"line":108,"column":61},"skip":true},{"start":{"line":108,"column":66},"end":{"line":108,"column":72},"skip":true},{"start":{"line":108,"column":77},"end":{"line":108,"column":82},"skip":true},{"start":{"line":109,"column":20},"end":{"line":109,"column":39},"skip":true},{"start":{"line":110,"column":20},"end":{"line":110,"column":49},"skip":true},{"start":{"line":111,"column":20},"end":{"line":111,"column":58},"skip":true},{"start":{"line":112,"column":20},"end":{"line":112,"column":68},"skip":true}]},"15":{"line":129,"type":"if","locations":[{"start":{"line":129,"column":16},"end":{"line":129,"column":16},"skip":true},{"start":{"line":129,"column":16},"end":{"line":129,"column":16},"skip":true}]},"16":{"line":134,"type":"cond-expr","locations":[{"start":{"line":135,"column":26},"end":{"line":135,"column":29},"skip":true},{"start":{"line":136,"column":26},"end":{"line":136,"column":54},"skip":true}]},"17":{"line":164,"type":"binary-expr","locations":[{"start":{"line":164,"column":27},"end":{"line":164,"column":43},"skip":true},{"start":{"line":164,"column":47},"end":{"line":164,"column":49},"skip":true}]},"18":{"line":258,"type":"if","locations":[{"start":{"line":258,"column":8},"end":{"line":258,"column":8},"skip":true},{"start":{"line":258,"column":8},"end":{"line":258,"column":8},"skip":true}]},"19":{"line":275,"type":"switch","locations":[{"start":{"line":276,"column":20},"end":{"line":277,"column":64},"skip":true},{"start":{"line":278,"column":20},"end":{"line":279,"column":40},"skip":true},{"start":{"line":280,"column":20},"end":{"line":281,"column":40},"skip":true},{"start":{"line":282,"column":20},"end":{"line":283,"column":39},"skip":true}]},"20":{"line":288,"type":"if","locations":[{"start":{"line":288,"column":8},"end":{"line":288,"column":8},"skip":true},{"start":{"line":288,"column":8},"end":{"line":288,"column":8},"skip":true}]},"21":{"line":288,"type":"binary-expr","locations":[{"start":{"line":288,"column":12},"end":{"line":288,"column":40},"skip":true},{"start":{"line":288,"column":44},"end":{"line":288,"column":67},"skip":true}]},"22":{"line":292,"type":"binary-expr","locations":[{"start":{"line":292,"column":12},"end":{"line":292,"column":50},"skip":true},{"start":{"line":293,"column":12},"end":{"line":293,"column":53},"skip":true}]},"23":{"line":297,"type":"binary-expr","locations":[{"start":{"line":297,"column":12},"end":{"line":297,"column":66},"skip":true},{"start":{"line":298,"column":12},"end":{"line":301,"column":36},"skip":true}]},"24":{"line":303,"type":"binary-expr","locations":[{"start":{"line":303,"column":43},"end":{"line":303,"column":75},"skip":true},{"start":{"line":303,"column":79},"end":{"line":303,"column":81},"skip":true}]},"25":{"line":306,"type":"if","locations":[{"start":{"line":306,"column":8},"end":{"line":306,"column":8},"skip":true},{"start":{"line":306,"column":8},"end":{"line":306,"column":8},"skip":true}]},"26":{"line":310,"type":"if","locations":[{"start":{"line":310,"column":8},"end":{"line":310,"column":8},"skip":true},{"start":{"line":310,"column":8},"end":{"line":310,"column":8},"skip":true}]},"27":{"line":313,"type":"binary-expr","locations":[{"start":{"line":313,"column":27},"end":{"line":313,"column":43},"skip":true},{"start":{"line":313,"column":47},"end":{"line":313,"column":53},"skip":true}]},"28":{"line":317,"type":"if","locations":[{"start":{"line":317,"column":12},"end":{"line":317,"column":12},"skip":true},{"start":{"line":317,"column":12},"end":{"line":317,"column":12},"skip":true}]}},"code":["/*","example.js","","quickstart example","","instruction","    1. save this script as example.js","    2. run the shell command:","        $ npm install npmtest-coinbase && PORT=8081 node example.js","    3. play with the browser-demo on http://127.0.0.1:8081","*/","","","","/* istanbul instrument in package npmtest_coinbase */","/*jslint","    bitwise: true,","    browser: true,","    maxerr: 8,","    maxlen: 96,","    node: true,","    nomen: true,","    regexp: true,","    stupid: true","*/","(function () {","    'use strict';","    var local;","","","","    // run shared js-env code - pre-init","    (function () {","        // init local","        local = {};","        // init modeJs","        local.modeJs = (function () {","            try {","                return typeof navigator.userAgent === 'string' &&","                    typeof document.querySelector('body') === 'object' &&","                    typeof XMLHttpRequest.prototype.open === 'function' &&","                    'browser';","            } catch (errorCaughtBrowser) {","                return module.exports &&","                    typeof process.versions.node === 'string' &&","                    typeof require('http').createServer === 'function' &&","                    'node';","            }","        }());","        // init global","        local.global = local.modeJs === 'browser'","            ? window","            : global;","        // init utility2_rollup","        local = local.global.utility2_rollup || (local.modeJs === 'browser'","            ? local.global.utility2_npmtest_coinbase","            : global.utility2_moduleExports);","        // export local","        local.global.local = local;","    }());","    switch (local.modeJs) {","","","","    // post-init","    // run browser js-env code - post-init","    /* istanbul ignore next */","    case 'browser':","        local.testRunBrowser = function (event) {","            if (!event || (event &&","                    event.currentTarget &&","                    event.currentTarget.className &&","                    event.currentTarget.className.includes &&","                    event.currentTarget.className.includes('onreset'))) {","                // reset output","                Array.from(","                    document.querySelectorAll('body > .resettable')","                ).forEach(function (element) {","                    switch (element.tagName) {","                    case 'INPUT':","                    case 'TEXTAREA':","                        element.value = '';","                        break;","                    default:","                        element.textContent = '';","                    }","                });","            }","            switch (event && event.currentTarget && event.currentTarget.id) {","            case 'testRunButton1':","                // show tests","                if (document.querySelector('#testReportDiv1').style.display === 'none') {","                    document.querySelector('#testReportDiv1').style.display = 'block';","                    document.querySelector('#testRunButton1').textContent =","                        'hide internal test';","                    local.modeTest = true;","                    local.testRunDefault(local);","                // hide tests","                } else {","                    document.querySelector('#testReportDiv1').style.display = 'none';","                    document.querySelector('#testRunButton1').textContent = 'run internal test';","                }","                break;","            // custom-case","            default:","                break;","            }","            if (document.querySelector('#inputTextareaEval1') && (!event || (event &&","                    event.currentTarget &&","                    event.currentTarget.className &&","                    event.currentTarget.className.includes &&","                    event.currentTarget.className.includes('oneval')))) {","                // try to eval input-code","                try {","                    /*jslint evil: true*/","                    eval(document.querySelector('#inputTextareaEval1').value);","                } catch (errorCaught) {","                    console.error(errorCaught);","                }","            }","        };","        // log stderr and stdout to #outputTextareaStdout1","        ['error', 'log'].forEach(function (key) {","            console[key + '_original'] = console[key];","            console[key] = function () {","                var element;","                console[key + '_original'].apply(console, arguments);","                element = document.querySelector('#outputTextareaStdout1');","                if (!element) {","                    return;","                }","                // append text to #outputTextareaStdout1","                element.value += Array.from(arguments).map(function (arg) {","                    return typeof arg === 'string'","                        ? arg","                        : JSON.stringify(arg, null, 4);","                }).join(' ') + '\\n';","                // scroll textarea to bottom","                element.scrollTop = element.scrollHeight;","            };","        });","        // init event-handling","        ['change', 'click', 'keyup'].forEach(function (event) {","            Array.from(document.querySelectorAll('.on' + event)).forEach(function (element) {","                element.addEventListener(event, local.testRunBrowser);","            });","        });","        // run tests","        local.testRunBrowser();","        break;","","","","    // run node js-env code - post-init","    /* istanbul ignore next */","    case 'node':","        // export local","        module.exports = local;","        // require modules","        local.fs = require('fs');","        local.http = require('http');","        local.url = require('url');","        // init assets","        local.assetsDict = local.assetsDict || {};","        /* jslint-ignore-begin */","        local.assetsDict['/assets.index.template.html'] = '\\","<!doctype html>\\n\\","<html lang=\"en\">\\n\\","<head>\\n\\","<meta charset=\"UTF-8\">\\n\\","<meta name=\"viewport\" content=\"width=device-width, initial-scale=1\">\\n\\","<title>{{env.npm_package_name}} (v{{env.npm_package_version}})</title>\\n\\","<style>\\n\\","/*csslint\\n\\","    box-sizing: false,\\n\\","    universal-selector: false\\n\\","*/\\n\\","* {\\n\\","    box-sizing: border-box;\\n\\","}\\n\\","body {\\n\\","    background: #dde;\\n\\","    font-family: Arial, Helvetica, sans-serif;\\n\\","    margin: 2rem;\\n\\","}\\n\\","body > * {\\n\\","    margin-bottom: 1rem;\\n\\","}\\n\\",".utility2FooterDiv {\\n\\","    margin-top: 20px;\\n\\","    text-align: center;\\n\\","}\\n\\","</style>\\n\\","<style>\\n\\","/*csslint\\n\\","*/\\n\\","textarea {\\n\\","    font-family: monospace;\\n\\","    height: 10rem;\\n\\","    width: 100%;\\n\\","}\\n\\","textarea[readonly] {\\n\\","    background: #ddd;\\n\\","}\\n\\","</style>\\n\\","</head>\\n\\","<body>\\n\\","<!-- utility2-comment\\n\\","<div id=\"ajaxProgressDiv1\" style=\"background: #d00; height: 2px; left: 0; margin: 0; padding: 0; position: fixed; top: 0; transition: background 0.5s, width 1.5s; width: 25%;\"></div>\\n\\","utility2-comment -->\\n\\","<h1>\\n\\","<!-- utility2-comment\\n\\","    <a\\n\\","        {{#if env.npm_package_homepage}}\\n\\","        href=\"{{env.npm_package_homepage}}\"\\n\\","        {{/if env.npm_package_homepage}}\\n\\","        target=\"_blank\"\\n\\","    >\\n\\","utility2-comment -->\\n\\","        {{env.npm_package_name}} (v{{env.npm_package_version}})\\n\\","<!-- utility2-comment\\n\\","    </a>\\n\\","utility2-comment -->\\n\\","</h1>\\n\\","<h3>{{env.npm_package_description}}</h3>\\n\\","<!-- utility2-comment\\n\\","<h4><a download href=\"assets.app.js\">download standalone app</a></h4>\\n\\","<button class=\"onclick onreset\" id=\"testRunButton1\">run internal test</button><br>\\n\\","<div id=\"testReportDiv1\" style=\"display: none;\"></div>\\n\\","utility2-comment -->\\n\\","\\n\\","\\n\\","\\n\\","<label>stderr and stdout</label>\\n\\","<textarea class=\"resettable\" id=\"outputTextareaStdout1\" readonly></textarea>\\n\\","<!-- utility2-comment\\n\\","{{#if isRollup}}\\n\\","<script src=\"assets.app.js\"></script>\\n\\","{{#unless isRollup}}\\n\\","utility2-comment -->\\n\\","<script src=\"assets.utility2.rollup.js\"></script>\\n\\","<script src=\"jsonp.utility2._stateInit?callback=window.utility2._stateInit\"></script>\\n\\","<script src=\"assets.npmtest_coinbase.rollup.js\"></script>\\n\\","<script src=\"assets.example.js\"></script>\\n\\","<script src=\"assets.test.js\"></script>\\n\\","<!-- utility2-comment\\n\\","{{/if isRollup}}\\n\\","utility2-comment -->\\n\\","<div class=\"utility2FooterDiv\">\\n\\","    [ this app was created with\\n\\","    <a href=\"https://github.com/kaizhu256/node-utility2\" target=\"_blank\">utility2</a>\\n\\","    ]\\n\\","</div>\\n\\","</body>\\n\\","</html>\\n\\","';","        /* jslint-ignore-end */","        if (local.templateRender) {","            local.assetsDict['/'] = local.templateRender(","                local.assetsDict['/assets.index.template.html'],","                {","                    env: local.objectSetDefault(local.env, {","                        npm_package_description: 'the greatest app in the world!',","                        npm_package_name: 'my-app',","                        npm_package_nameAlias: 'my_app',","                        npm_package_version: '0.0.1'","                    })","                }","            );","        } else {","            local.assetsDict['/'] = local.assetsDict['/assets.index.template.html']","                .replace((/\\{\\{env\\.(\\w+?)\\}\\}/g), function (match0, match1) {","                    // jslint-hack","                    String(match0);","                    switch (match1) {","                    case 'npm_package_description':","                        return 'the greatest app in the world!';","                    case 'npm_package_name':","                        return 'my-app';","                    case 'npm_package_nameAlias':","                        return 'my_app';","                    case 'npm_package_version':","                        return '0.0.1';","                    }","                });","        }","        // run the cli","        if (local.global.utility2_rollup || module !== require.main) {","            break;","        }","        local.assetsDict['/assets.example.js'] =","            local.assetsDict['/assets.example.js'] ||","            local.fs.readFileSync(__filename, 'utf8');","        // bug-workaround - long $npm_package_buildCustomOrg","        /* jslint-ignore-begin */","        local.assetsDict['/assets.npmtest_coinbase.rollup.js'] =","            local.assetsDict['/assets.npmtest_coinbase.rollup.js'] ||","            local.fs.readFileSync(","                local.npmtest_coinbase.__dirname + '/lib.npmtest_coinbase.js',","                'utf8'","            ).replace((/^#!/), '//');","        /* jslint-ignore-end */","        local.assetsDict['/favicon.ico'] = local.assetsDict['/favicon.ico'] || '';","        // if $npm_config_timeout_exit exists,","        // then exit this process after $npm_config_timeout_exit ms","        if (Number(process.env.npm_config_timeout_exit)) {","            setTimeout(process.exit, Number(process.env.npm_config_timeout_exit));","        }","        // start server","        if (local.global.utility2_serverHttp1) {","            break;","        }","        process.env.PORT = process.env.PORT || '8081';","        console.error('server starting on port ' + process.env.PORT);","        local.http.createServer(function (request, response) {","            request.urlParsed = local.url.parse(request.url);","            if (local.assetsDict[request.urlParsed.pathname] !== undefined) {","                response.end(local.assetsDict[request.urlParsed.pathname]);","                return;","            }","            response.statusCode = 404;","            response.end();","        }).listen(process.env.PORT);","        break;","    }","}());",""],"l":{"26":2,"28":2,"33":2,"35":2,"37":2,"38":2,"39":2,"44":1,"51":2,"55":2,"59":2,"61":2,"69":1,"70":2,"76":2,"79":2,"82":2,"83":2,"85":1,"89":2,"92":1,"93":1,"94":1,"96":1,"97":1,"100":1,"101":1,"103":1,"106":1,"108":2,"114":1,"116":1,"118":1,"123":1,"124":2,"125":2,"126":3,"127":3,"128":3,"129":3,"130":1,"133":3,"134":3,"139":3,"143":1,"144":3,"145":1,"149":1,"150":1,"158":1,"160":1,"161":1,"162":1,"164":1,"166":1,"258":1,"259":1,"271":1,"274":6,"275":6,"277":1,"279":2,"281":1,"283":2,"288":1,"289":1,"291":1,"296":1,"303":1,"306":1,"307":1,"310":1,"311":1,"313":1,"314":1,"315":1,"316":1,"317":1,"318":1,"319":1,"321":1,"322":1,"324":1}},"/home/travis/build/npmtest/node-npmtest-coinbase/node_modules/coinbase/index.js":{"path":"/home/travis/build/npmtest/node-npmtest-coinbase/node_modules/coinbase/index.js","s":{"1":1,"2":1,"3":1},"b":{},"f":{},"fnMap":{},"statementMap":{"1":{"start":{"line":1,"column":0},"end":{"line":14,"column":57}},"2":{"start":{"line":16,"column":0},"end":{"line":30,"column":2}},"3":{"start":{"line":32,"column":0},"end":{"line":35,"column":2}}},"branchMap":{},"code":["var Account       = require('./lib/model/Account.js'),","    Address       = require('./lib/model/Address.js'),","    Buy           = require('./lib/model/Buy.js'),","    Checkout      = require('./lib/model/Checkout.js'),","    Client        = require('./lib/Client.js'),","    Deposit       = require('./lib/model/Deposit.js'),","    Merchant      = require('./lib/model/Merchant.js'),","    Notification  = require('./lib/model/Notification.js'),","    Order         = require('./lib/model/Order.js'),","    PaymentMethod = require('./lib/model/PaymentMethod.js'),","    Sell          = require('./lib/model/Sell.js'),","    Transaction   = require('./lib/model/Transaction.js'),","    User          = require('./lib/model/User.js'),","    Withdrawal    = require('./lib/model/Withdrawal.js');","","var model = {","  'Account'       : Account,","  'Address'       : Address,","  'Buy'           : Buy,","  'Checkout'      : Checkout,","  'Deposit'       : Deposit,","  'Merchant'      : Merchant,","  'Notification'  : Notification,","  'Order'         : Order,","  'PaymentMethod' : PaymentMethod,","  'Sell'          : Sell,","  'Transaction'   : Transaction,","  'User'          : User,","  'Withdrawal'    : Withdrawal","};","","module.exports = {","  'Client' : Client,","  'model'  : model","};","",""],"l":{"1":1,"16":1,"32":1}},"/home/travis/build/npmtest/node-npmtest-coinbase/node_modules/coinbase/lib/model/Account.js":{"path":"/home/travis/build/npmtest/node-npmtest-coinbase/node_modules/coinbase/lib/model/Account.js","s":{"1":1,"2":1,"3":0,"4":0,"5":0,"6":1,"7":1,"8":0,"9":0,"10":1,"11":0,"12":0,"13":1,"14":0,"15":0,"16":0,"17":0,"18":0,"19":0,"20":0,"21":0,"22":1,"23":0,"24":0,"25":1,"26":0,"27":0,"28":1,"29":0,"30":0,"31":1,"32":0,"33":0,"34":1,"35":0,"36":0,"37":1,"38":0,"39":0,"40":1,"41":0,"42":0,"43":0,"44":1,"45":0,"46":0,"47":1,"48":0,"49":0,"50":1,"51":0,"52":0,"53":1,"54":0,"55":0,"56":1,"57":0,"58":0,"59":1,"60":0,"61":0,"62":1,"63":0,"64":0,"65":1,"66":0,"67":0,"68":1,"69":0,"70":0,"71":1,"72":0,"73":0,"74":1,"75":0,"76":0,"77":1,"78":0,"79":0,"80":1,"81":0,"82":0,"83":1},"b":{"1":[0,0],"2":[0,0],"3":[0,0],"4":[0,0],"5":[0,0],"6":[0,0],"7":[0,0],"8":[0,0],"9":[0,0]},"f":{"1":0,"2":0,"3":0,"4":0,"5":0,"6":0,"7":0,"8":0,"9":0,"10":0,"11":0,"12":0,"13":0,"14":0,"15":0,"16":0,"17":0,"18":0,"19":0,"20":0,"21":0,"22":0,"23":0,"24":0,"25":0},"fnMap":{"1":{"name":"Account","line":29,"loc":{"start":{"line":29,"column":0},"end":{"line":29,"column":31}}},"2":{"name":"(anonymous_2)","line":38,"loc":{"start":{"line":38,"column":27},"end":{"line":38,"column":46}}},"3":{"name":"(anonymous_3)","line":43,"loc":{"start":{"line":43,"column":31},"end":{"line":43,"column":50}}},"4":{"name":"(anonymous_4)","line":48,"loc":{"start":{"line":48,"column":27},"end":{"line":48,"column":52}}},"5":{"name":"myPut","line":51,"loc":{"start":{"line":51,"column":35},"end":{"line":51,"column":63}}},"6":{"name":"(anonymous_6)","line":65,"loc":{"start":{"line":65,"column":33},"end":{"line":65,"column":58}}},"7":{"name":"(anonymous_7)","line":74,"loc":{"start":{"line":74,"column":31},"end":{"line":74,"column":61}}},"8":{"name":"(anonymous_8)","line":89,"loc":{"start":{"line":89,"column":34},"end":{"line":89,"column":59}}},"9":{"name":"(anonymous_9)","line":98,"loc":{"start":{"line":98,"column":36},"end":{"line":98,"column":61}}},"10":{"name":"(anonymous_10)","line":108,"loc":{"start":{"line":108,"column":35},"end":{"line":108,"column":70}}},"11":{"name":"(anonymous_11)","line":127,"loc":{"start":{"line":127,"column":34},"end":{"line":127,"column":59}}},"12":{"name":"(anonymous_12)","line":142,"loc":{"start":{"line":142,"column":30},"end":{"line":142,"column":70}}},"13":{"name":"(anonymous_13)","line":157,"loc":{"start":{"line":157,"column":33},"end":{"line":157,"column":58}}},"14":{"name":"(anonymous_14)","line":163,"loc":{"start":{"line":163,"column":28},"end":{"line":163,"column":53}}},"15":{"name":"(anonymous_15)","line":173,"loc":{"start":{"line":173,"column":27},"end":{"line":173,"column":54}}},"16":{"name":"(anonymous_16)","line":195,"loc":{"start":{"line":195,"column":24},"end":{"line":195,"column":49}}},"17":{"name":"(anonymous_17)","line":207,"loc":{"start":{"line":207,"column":29},"end":{"line":207,"column":54}}},"18":{"name":"(anonymous_18)","line":217,"loc":{"start":{"line":217,"column":28},"end":{"line":217,"column":56}}},"19":{"name":"(anonymous_19)","line":239,"loc":{"start":{"line":239,"column":25},"end":{"line":239,"column":50}}},"20":{"name":"(anonymous_20)","line":251,"loc":{"start":{"line":251,"column":32},"end":{"line":251,"column":57}}},"21":{"name":"(anonymous_21)","line":261,"loc":{"start":{"line":261,"column":31},"end":{"line":261,"column":62}}},"22":{"name":"(anonymous_22)","line":280,"loc":{"start":{"line":280,"column":28},"end":{"line":280,"column":53}}},"23":{"name":"(anonymous_23)","line":292,"loc":{"start":{"line":292,"column":35},"end":{"line":292,"column":60}}},"24":{"name":"(anonymous_24)","line":302,"loc":{"start":{"line":302,"column":34},"end":{"line":302,"column":68}}},"25":{"name":"(anonymous_25)","line":321,"loc":{"start":{"line":321,"column":29},"end":{"line":321,"column":54}}}},"statementMap":{"1":{"start":{"line":5,"column":0},"end":{"line":13,"column":36}},"2":{"start":{"line":29,"column":0},"end":{"line":34,"column":1}},"3":{"start":{"line":30,"column":2},"end":{"line":32,"column":3}},"4":{"start":{"line":31,"column":4},"end":{"line":31,"column":37}},"5":{"start":{"line":33,"column":2},"end":{"line":33,"column":39}},"6":{"start":{"line":36,"column":0},"end":{"line":36,"column":57}},"7":{"start":{"line":38,"column":0},"end":{"line":41,"column":2}},"8":{"start":{"line":39,"column":2},"end":{"line":39,"column":35}},"9":{"start":{"line":40,"column":2},"end":{"line":40,"column":42}},"10":{"start":{"line":43,"column":0},"end":{"line":46,"column":2}},"11":{"start":{"line":44,"column":2},"end":{"line":44,"column":48}},"12":{"start":{"line":45,"column":2},"end":{"line":45,"column":46}},"13":{"start":{"line":48,"column":0},"end":{"line":59,"column":2}},"14":{"start":{"line":49,"column":2},"end":{"line":49,"column":18}},"15":{"start":{"line":50,"column":2},"end":{"line":50,"column":35}},"16":{"start":{"line":51,"column":2},"end":{"line":58,"column":5}},"17":{"start":{"line":52,"column":4},"end":{"line":55,"column":5}},"18":{"start":{"line":53,"column":6},"end":{"line":53,"column":26}},"19":{"start":{"line":54,"column":6},"end":{"line":54,"column":13}},"20":{"start":{"line":56,"column":4},"end":{"line":56,"column":56}},"21":{"start":{"line":57,"column":4},"end":{"line":57,"column":28}},"22":{"start":{"line":65,"column":0},"end":{"line":72,"column":2}},"23":{"start":{"line":66,"column":2},"end":{"line":69,"column":4}},"24":{"start":{"line":71,"column":2},"end":{"line":71,"column":52}},"25":{"start":{"line":74,"column":0},"end":{"line":81,"column":2}},"26":{"start":{"line":75,"column":2},"end":{"line":79,"column":4}},"27":{"start":{"line":80,"column":2},"end":{"line":80,"column":30}},"28":{"start":{"line":89,"column":0},"end":{"line":96,"column":2}},"29":{"start":{"line":90,"column":2},"end":{"line":94,"column":4}},"30":{"start":{"line":95,"column":2},"end":{"line":95,"column":31}},"31":{"start":{"line":98,"column":0},"end":{"line":106,"column":2}},"32":{"start":{"line":100,"column":2},"end":{"line":103,"column":4}},"33":{"start":{"line":105,"column":2},"end":{"line":105,"column":52}},"34":{"start":{"line":108,"column":0},"end":{"line":117,"column":2}},"35":{"start":{"line":110,"column":2},"end":{"line":114,"column":4}},"36":{"start":{"line":116,"column":2},"end":{"line":116,"column":31}},"37":{"start":{"line":127,"column":0},"end":{"line":130,"column":2}},"38":{"start":{"line":128,"column":2},"end":{"line":128,"column":25}},"39":{"start":{"line":129,"column":2},"end":{"line":129,"column":32}},"40":{"start":{"line":142,"column":0},"end":{"line":148,"column":2}},"41":{"start":{"line":144,"column":2},"end":{"line":144,"column":67}},"42":{"start":{"line":145,"column":2},"end":{"line":145,"column":21}},"43":{"start":{"line":147,"column":2},"end":{"line":147,"column":37}},"44":{"start":{"line":157,"column":0},"end":{"line":160,"column":2}},"45":{"start":{"line":158,"column":2},"end":{"line":158,"column":24}},"46":{"start":{"line":159,"column":2},"end":{"line":159,"column":32}},"47":{"start":{"line":163,"column":0},"end":{"line":171,"column":2}},"48":{"start":{"line":165,"column":2},"end":{"line":168,"column":4}},"49":{"start":{"line":170,"column":2},"end":{"line":170,"column":52}},"50":{"start":{"line":173,"column":0},"end":{"line":182,"column":2}},"51":{"start":{"line":175,"column":2},"end":{"line":179,"column":4}},"52":{"start":{"line":181,"column":2},"end":{"line":181,"column":31}},"53":{"start":{"line":195,"column":0},"end":{"line":204,"column":2}},"54":{"start":{"line":197,"column":2},"end":{"line":201,"column":4}},"55":{"start":{"line":203,"column":2},"end":{"line":203,"column":31}},"56":{"start":{"line":207,"column":0},"end":{"line":215,"column":2}},"57":{"start":{"line":209,"column":2},"end":{"line":212,"column":4}},"58":{"start":{"line":214,"column":2},"end":{"line":214,"column":52}},"59":{"start":{"line":217,"column":0},"end":{"line":226,"column":2}},"60":{"start":{"line":219,"column":2},"end":{"line":223,"column":4}},"61":{"start":{"line":225,"column":2},"end":{"line":225,"column":31}},"62":{"start":{"line":239,"column":0},"end":{"line":248,"column":2}},"63":{"start":{"line":241,"column":2},"end":{"line":245,"column":4}},"64":{"start":{"line":247,"column":2},"end":{"line":247,"column":31}},"65":{"start":{"line":251,"column":0},"end":{"line":259,"column":2}},"66":{"start":{"line":253,"column":2},"end":{"line":256,"column":4}},"67":{"start":{"line":258,"column":2},"end":{"line":258,"column":52}},"68":{"start":{"line":261,"column":0},"end":{"line":270,"column":2}},"69":{"start":{"line":263,"column":2},"end":{"line":267,"column":4}},"70":{"start":{"line":269,"column":2},"end":{"line":269,"column":31}},"71":{"start":{"line":280,"column":0},"end":{"line":289,"column":2}},"72":{"start":{"line":282,"column":2},"end":{"line":286,"column":4}},"73":{"start":{"line":288,"column":2},"end":{"line":288,"column":31}},"74":{"start":{"line":292,"column":0},"end":{"line":300,"column":2}},"75":{"start":{"line":294,"column":2},"end":{"line":297,"column":4}},"76":{"start":{"line":299,"column":2},"end":{"line":299,"column":52}},"77":{"start":{"line":302,"column":0},"end":{"line":311,"column":2}},"78":{"start":{"line":304,"column":2},"end":{"line":308,"column":4}},"79":{"start":{"line":310,"column":2},"end":{"line":310,"column":31}},"80":{"start":{"line":321,"column":0},"end":{"line":330,"column":2}},"81":{"start":{"line":323,"column":2},"end":{"line":327,"column":4}},"82":{"start":{"line":329,"column":2},"end":{"line":329,"column":31}},"83":{"start":{"line":332,"column":0},"end":{"line":332,"column":25}}},"branchMap":{"1":{"line":30,"type":"if","locations":[{"start":{"line":30,"column":2},"end":{"line":30,"column":2}},{"start":{"line":30,"column":2},"end":{"line":30,"column":2}}]},"2":{"line":52,"type":"if","locations":[{"start":{"line":52,"column":4},"end":{"line":52,"column":4}},{"start":{"line":52,"column":4},"end":{"line":52,"column":4}}]},"3":{"line":71,"type":"binary-expr","locations":[{"start":{"line":71,"column":24},"end":{"line":71,"column":28}},{"start":{"line":71,"column":32},"end":{"line":71,"column":34}}]},"4":{"line":105,"type":"binary-expr","locations":[{"start":{"line":105,"column":24},"end":{"line":105,"column":28}},{"start":{"line":105,"column":32},"end":{"line":105,"column":34}}]},"5":{"line":144,"type":"cond-expr","locations":[{"start":{"line":144,"column":28},"end":{"line":144,"column":59}},{"start":{"line":144,"column":62},"end":{"line":144,"column":66}}]},"6":{"line":170,"type":"binary-expr","locations":[{"start":{"line":170,"column":24},"end":{"line":170,"column":28}},{"start":{"line":170,"column":32},"end":{"line":170,"column":34}}]},"7":{"line":214,"type":"binary-expr","locations":[{"start":{"line":214,"column":24},"end":{"line":214,"column":28}},{"start":{"line":214,"column":32},"end":{"line":214,"column":34}}]},"8":{"line":258,"type":"binary-expr","locations":[{"start":{"line":258,"column":24},"end":{"line":258,"column":28}},{"start":{"line":258,"column":32},"end":{"line":258,"column":34}}]},"9":{"line":299,"type":"binary-expr","locations":[{"start":{"line":299,"column":24},"end":{"line":299,"column":28}},{"start":{"line":299,"column":32},"end":{"line":299,"column":34}}]}},"code":["//","// The Account object is the primary abstraction to the Conbase API.","//","\"use strict\";","var AccountBase = require('./AccountBase'),","    handleError = require('../errorHandler').handleError,","    Address     = require('./Address'),","    Transaction = require('./Transaction'),","    Buy         = require('./Buy'),","    Sell        = require('./Sell'),","    Deposit     = require('./Deposit'),","    Withdrawal  = require('./Withdrawal'),","    _           = require('lodash');","","//","// ##CONSTRUCTOR","//","// _args `client` and `data` are required_","//","//```","// var Account = require('coinbase').model.Account;","// var myAccount = new Account(client, {'id': 'A1234'});","//```","// _normally you will get account instances from `Account` methods on the `Client`","// but this constructor is useful if you already know the id of the account and","// wish to reduce calls to the remote API._","//","// - - -","function Account(client, data) {","  if (!(this instanceof Account)) {","    return new Account(client, data);","  }","  AccountBase.call(this, client, data);","}","","Account.prototype = Object.create(AccountBase.prototype);","","Account.prototype.delete = function(callback) {","  var path = \"accounts/\" + this.id;","  this.client._deleteHttp(path, callback);","};","","Account.prototype.setPrimary = function(callback) {","  var path = \"accounts/\" + this.id + \"/primary\";","  this.client._postHttp(path, null, callback);","};","","Account.prototype.update = function(args, callback) {","  var self = this;","  var path = \"accounts/\" + this.id;","  this.client._putHttp(path, args, function myPut(err, result) {","    if (err) {","      callback(err, null);","      return;","    }","    var account = new Account(self.client, result.data);","    callback(null, account);","  });","};","","//```","// args = {","//   'id' : account_id","// };","Account.prototype.getAddresses = function(args, callback) {","  var opts = {","    'colName'  : 'addresses',","    'ObjFunc'  : Address,","  };","","  this._getAll(_.assign(args || {}, opts), callback)","};","","Account.prototype.getAddress = function(addressId, callback) {","  var opts = {","    'colName'  : 'addresses',","    'ObjFunc'  : Address,","    'id'       : addressId","  };","  this._getOne(opts, callback)","};","","// ```","// args = {","//   'name': address label, (optional)","//   'callback_url': callback_url (optional)","// };","// ```","Account.prototype.createAddress = function(args, callback) {","  var opts = {","    'colName'  : 'addresses',","    'ObjFunc'  : Address,","    'params'   : args","  };","  this._postOne(opts, callback)","};","","Account.prototype.getTransactions = function(args, callback) {","","  var opts = {","    'colName'  : 'transactions',","    'ObjFunc'  : Transaction,","  };","","  this._getAll(_.assign(args || {}, opts), callback)","};","","Account.prototype.getTransaction = function(transaction_id, callback) {","","  var opts = {","    'colName' : 'transactions',","    'ObjFunc' : Transaction,","    'id'      : transaction_id","  };","","  this._getOne(opts, callback);","};","","//```","// args = {","//   'to'          : account_id,","//   'amount'      : amount,","//   'currency'    : currency,","//   'description' : notes","// };","","Account.prototype.transferMoney = function(args, callback) {","  args.type = 'transfer';","  this._initTxn(args, callback);","};","","//```","// args = {","//   'to'                 : bitcoin address or email,","//   'amount'             : amount,","//   'currency'           : currency,","//   'description'        : notes,","//   'skip_notifications' : don’t send notification emails,","//   'fee'                : transaction fee,","//   'idem'               : token to ensure idempotence","// };","Account.prototype.sendMoney = function(args, callback, twoFactorAuth) {","","  var tfa = twoFactorAuth ? {'CB-2FA-Token': twoFactorAuth} : null;","  args.type = 'send';","","  this._initTxn(args, callback, tfa);","};","","//```","// args = {","//   'to'          : account_id,","//   'amount'      : amount,","//   'currency'    : currency,","//   'description' : notes","// };","Account.prototype.requestMoney = function(args, callback) {","  args.type = 'request';","  this._initTxn(args, callback);","};","","// Buys","Account.prototype.getBuys = function(args, callback) {","","  var opts = {","    'colName'  : 'buys',","    'ObjFunc'  : Buy,","  };","","  this._getAll(_.assign(args || {}, opts), callback)","};","","Account.prototype.getBuy = function(buy_id, callback) {","","  var opts = {","    'colName'  : 'buys',","    'ObjFunc'  : Buy,","    'id'       : buy_id","  };","","  this._getOne(opts, callback);","};","","","//```","// args = {","//   'amount'                  : amount,","//   'total'                   : total,","//   'currency'                : currency,","//   'payment_method'          : payment_method_id,","//   'agree_btc_amount_varies' : agree_btc_amount_varies,","//   'commit'                  : commit,","//   'quote'                   : quote","// };","Account.prototype.buy = function(args, callback) {","","  var opts = {","    'colName'  : 'buys',","    'ObjFunc'  : Buy,","    'params'   : args","  };","","  this._postOne(opts, callback)","};","","// Sells","Account.prototype.getSells = function(args, callback) {","","  var opts = {","    'colName'  : 'sells',","    'ObjFunc'  : Sell,","  };","","  this._getAll(_.assign(args || {}, opts), callback)","};","","Account.prototype.getSell = function(sell_id, callback) {","","  var opts = {","    'colName'  : 'sells',","    'ObjFunc'  : Sell,","    'id'       : sell_id","  };","","  this._getOne(opts, callback);","};","","","//```","// args = {","//   'amount'                  : amount,","//   'total'                   : total,","//   'currency'                : currency,","//   'payment_method'          : payment_method_id,","//   'agree_btc_amount_varies' : agree_btc_amount_varies,","//   'commit'                  : commit,","//   'quote'                   : quote","// };","Account.prototype.sell = function(args, callback) {","","  var opts = {","    'colName'  : 'sells',","    'ObjFunc'  : Sell,","    'params'   : args","  };","","  this._postOne(opts, callback)","};","","// Deposits","Account.prototype.getDeposits = function(args, callback) {","","  var opts = {","    'colName'  : 'deposits',","    'ObjFunc'  : Deposit,","  };","","  this._getAll(_.assign(args || {}, opts), callback)","};","","Account.prototype.getDeposit = function(deposit_id, callback) {","","  var opts = {","    'colName'  : 'deposit',","    'ObjFunc'  : Deposit,","    'id'       : deposit_id","  };","","  this._getOne(opts, callback);","};","","","//```","// args = {","//   'amount'                  : amount,","//   'currency'                : currency,","//   'payment_method'          : payment_method_id,","//   'commit'                  : commit,","// };","Account.prototype.deposit = function(args, callback) {","","  var opts = {","    'colName'  : 'deposits',","    'ObjFunc'  : Deposit,","    'params'   : args","  };","","  this._postOne(opts, callback)","};","","// Withdrawals","Account.prototype.getWithdrawals = function(args, callback) {","","  var opts = {","    'colName'  : 'withdrawals',","    'ObjFunc'  : Withdrawal,","  };","","  this._getAll(_.assign(args || {}, opts), callback)","};","","Account.prototype.getWithdrawal = function(withdrawal_id, callback) {","","  var opts = {","    'colName'  : 'withdrawals',","    'ObjFunc'  : Withdrawal,","    'id'       : withdrawal_id","  };","","  this._getOne(opts, callback);","};","","","//```","// args = {","//   'amount'                  : amount,","//   'currency'                : currency,","//   'payment_method'          : payment_method_id,","//   'commit'                  : commit,","// };","Account.prototype.withdraw = function(args, callback) {","","  var opts = {","    'colName'  : 'withdrawals',","    'ObjFunc'  : Withdrawal,","    'params'   : args","  };","","  this._postOne(opts, callback)","};","","module.exports = Account;",""],"l":{"5":1,"29":1,"30":0,"31":0,"33":0,"36":1,"38":1,"39":0,"40":0,"43":1,"44":0,"45":0,"48":1,"49":0,"50":0,"51":0,"52":0,"53":0,"54":0,"56":0,"57":0,"65":1,"66":0,"71":0,"74":1,"75":0,"80":0,"89":1,"90":0,"95":0,"98":1,"100":0,"105":0,"108":1,"110":0,"116":0,"127":1,"128":0,"129":0,"142":1,"144":0,"145":0,"147":0,"157":1,"158":0,"159":0,"163":1,"165":0,"170":0,"173":1,"175":0,"181":0,"195":1,"197":0,"203":0,"207":1,"209":0,"214":0,"217":1,"219":0,"225":0,"239":1,"241":0,"247":0,"251":1,"253":0,"258":0,"261":1,"263":0,"269":0,"280":1,"282":0,"288":0,"292":1,"294":0,"299":0,"302":1,"304":0,"310":0,"321":1,"323":0,"329":0,"332":1}},"/home/travis/build/npmtest/node-npmtest-coinbase/node_modules/coinbase/lib/model/AccountBase.js":{"path":"/home/travis/build/npmtest/node-npmtest-coinbase/node_modules/coinbase/lib/model/AccountBase.js","s":{"1":1,"2":1,"3":0,"4":0,"5":0,"6":1,"7":1,"8":0,"9":0,"10":0,"11":0,"12":0,"13":0,"14":0,"15":0,"16":0,"17":0,"18":0,"19":0,"20":0,"21":0,"22":0,"23":0,"24":0,"25":0,"26":0,"27":0,"28":0,"29":0,"30":1,"31":0,"32":0,"33":0,"34":0,"35":0,"36":0,"37":1,"38":0,"39":0,"40":0,"41":0,"42":0,"43":0,"44":1,"45":0,"46":0,"47":0,"48":0,"49":0,"50":0,"51":1},"b":{"1":[0,0],"2":[0,0],"3":[0,0],"4":[0,0],"5":[0,0],"6":[0,0],"7":[0,0],"8":[0,0],"9":[0,0],"10":[0,0],"11":[0,0]},"f":{"1":0,"2":0,"3":0,"4":0,"5":0,"6":0,"7":0,"8":0,"9":0,"10":0},"fnMap":{"1":{"name":"AccountBase","line":19,"loc":{"start":{"line":19,"column":0},"end":{"line":19,"column":35}}},"2":{"name":"(anonymous_2)","line":36,"loc":{"start":{"line":36,"column":32},"end":{"line":36,"column":66}}},"3":{"name":"onGet","line":59,"loc":{"start":{"line":59,"column":35},"end":{"line":59,"column":63}}},"4":{"name":"onMap","line":64,"loc":{"start":{"line":64,"column":36},"end":{"line":64,"column":56}}},"5":{"name":"(anonymous_5)","line":81,"loc":{"start":{"line":81,"column":32},"end":{"line":81,"column":66}}},"6":{"name":"onGet","line":84,"loc":{"start":{"line":84,"column":35},"end":{"line":84,"column":60}}},"7":{"name":"(anonymous_7)","line":98,"loc":{"start":{"line":98,"column":33},"end":{"line":98,"column":67}}},"8":{"name":"onPost","line":101,"loc":{"start":{"line":101,"column":43},"end":{"line":101,"column":69}}},"9":{"name":"(anonymous_9)","line":110,"loc":{"start":{"line":110,"column":33},"end":{"line":110,"column":67}}},"10":{"name":"onPost","line":114,"loc":{"start":{"line":114,"column":36},"end":{"line":114,"column":62}}}},"statementMap":{"1":{"start":{"line":5,"column":0},"end":{"line":8,"column":36}},"2":{"start":{"line":19,"column":0},"end":{"line":24,"column":1}},"3":{"start":{"line":20,"column":2},"end":{"line":22,"column":3}},"4":{"start":{"line":21,"column":4},"end":{"line":21,"column":41}},"5":{"start":{"line":23,"column":2},"end":{"line":23,"column":37}},"6":{"start":{"line":26,"column":0},"end":{"line":26,"column":59}},"7":{"start":{"line":36,"column":0},"end":{"line":70,"column":2}},"8":{"start":{"line":37,"column":2},"end":{"line":37,"column":18}},"9":{"start":{"line":38,"column":2},"end":{"line":38,"column":16}},"10":{"start":{"line":39,"column":2},"end":{"line":39,"column":11}},"11":{"start":{"line":40,"column":2},"end":{"line":57,"column":3}},"12":{"start":{"line":41,"column":4},"end":{"line":41,"column":45}},"13":{"start":{"line":42,"column":4},"end":{"line":42,"column":16}},"14":{"start":{"line":44,"column":4},"end":{"line":44,"column":54}},"15":{"start":{"line":45,"column":4},"end":{"line":47,"column":5}},"16":{"start":{"line":46,"column":6},"end":{"line":46,"column":48}},"17":{"start":{"line":48,"column":4},"end":{"line":50,"column":5}},"18":{"start":{"line":49,"column":6},"end":{"line":49,"column":46}},"19":{"start":{"line":51,"column":4},"end":{"line":53,"column":5}},"20":{"start":{"line":52,"column":6},"end":{"line":52,"column":30}},"21":{"start":{"line":54,"column":4},"end":{"line":56,"column":5}},"22":{"start":{"line":55,"column":6},"end":{"line":55,"column":30}},"23":{"start":{"line":59,"column":2},"end":{"line":69,"column":14}},"24":{"start":{"line":60,"column":4},"end":{"line":68,"column":5}},"25":{"start":{"line":61,"column":6},"end":{"line":63,"column":7}},"26":{"start":{"line":62,"column":8},"end":{"line":62,"column":74}},"27":{"start":{"line":64,"column":6},"end":{"line":66,"column":9}},"28":{"start":{"line":65,"column":8},"end":{"line":65,"column":51}},"29":{"start":{"line":67,"column":6},"end":{"line":67,"column":46}},"30":{"start":{"line":81,"column":0},"end":{"line":90,"column":2}},"31":{"start":{"line":82,"column":2},"end":{"line":82,"column":18}},"32":{"start":{"line":83,"column":2},"end":{"line":83,"column":72}},"33":{"start":{"line":84,"column":2},"end":{"line":89,"column":14}},"34":{"start":{"line":85,"column":4},"end":{"line":88,"column":5}},"35":{"start":{"line":86,"column":6},"end":{"line":86,"column":66}},"36":{"start":{"line":87,"column":6},"end":{"line":87,"column":63}},"37":{"start":{"line":98,"column":0},"end":{"line":107,"column":2}},"38":{"start":{"line":99,"column":2},"end":{"line":99,"column":18}},"39":{"start":{"line":100,"column":2},"end":{"line":100,"column":56}},"40":{"start":{"line":101,"column":2},"end":{"line":106,"column":14}},"41":{"start":{"line":102,"column":4},"end":{"line":105,"column":5}},"42":{"start":{"line":103,"column":6},"end":{"line":103,"column":66}},"43":{"start":{"line":104,"column":6},"end":{"line":104,"column":63}},"44":{"start":{"line":110,"column":0},"end":{"line":120,"column":2}},"45":{"start":{"line":111,"column":2},"end":{"line":111,"column":18}},"46":{"start":{"line":112,"column":2},"end":{"line":112,"column":53}},"47":{"start":{"line":114,"column":2},"end":{"line":119,"column":16}},"48":{"start":{"line":115,"column":6},"end":{"line":118,"column":7}},"49":{"start":{"line":116,"column":8},"end":{"line":116,"column":63}},"50":{"start":{"line":117,"column":8},"end":{"line":117,"column":28}},"51":{"start":{"line":122,"column":0},"end":{"line":122,"column":29}}},"branchMap":{"1":{"line":20,"type":"if","locations":[{"start":{"line":20,"column":2},"end":{"line":20,"column":2}},{"start":{"line":20,"column":2},"end":{"line":20,"column":2}}]},"2":{"line":40,"type":"if","locations":[{"start":{"line":40,"column":2},"end":{"line":40,"column":2}},{"start":{"line":40,"column":2},"end":{"line":40,"column":2}}]},"3":{"line":45,"type":"if","locations":[{"start":{"line":45,"column":4},"end":{"line":45,"column":4}},{"start":{"line":45,"column":4},"end":{"line":45,"column":4}}]},"4":{"line":48,"type":"if","locations":[{"start":{"line":48,"column":4},"end":{"line":48,"column":4}},{"start":{"line":48,"column":4},"end":{"line":48,"column":4}}]},"5":{"line":51,"type":"if","locations":[{"start":{"line":51,"column":4},"end":{"line":51,"column":4}},{"start":{"line":51,"column":4},"end":{"line":51,"column":4}}]},"6":{"line":54,"type":"if","locations":[{"start":{"line":54,"column":4},"end":{"line":54,"column":4}},{"start":{"line":54,"column":4},"end":{"line":54,"column":4}}]},"7":{"line":60,"type":"if","locations":[{"start":{"line":60,"column":4},"end":{"line":60,"column":4}},{"start":{"line":60,"column":4},"end":{"line":60,"column":4}}]},"8":{"line":61,"type":"if","locations":[{"start":{"line":61,"column":6},"end":{"line":61,"column":6}},{"start":{"line":61,"column":6},"end":{"line":61,"column":6}}]},"9":{"line":85,"type":"if","locations":[{"start":{"line":85,"column":4},"end":{"line":85,"column":4}},{"start":{"line":85,"column":4},"end":{"line":85,"column":4}}]},"10":{"line":102,"type":"if","locations":[{"start":{"line":102,"column":4},"end":{"line":102,"column":4}},{"start":{"line":102,"column":4},"end":{"line":102,"column":4}}]},"11":{"line":115,"type":"if","locations":[{"start":{"line":115,"column":6},"end":{"line":115,"column":6}},{"start":{"line":115,"column":6},"end":{"line":115,"column":6}}]}},"code":["//","// The AccountBase object has helper methods for the Account API","//","\"use strict\";","var BaseModel   = require('./BaseModel'),","    handleError = require('../errorHandler').handleError,","    Transaction = require('./Transaction'),","    _           = require('lodash');","","","// Constructor","//","// You must instantiate an 'Account' with the 'new' operator.","// ```","// new Acccount(c,d)","// ```","// 'client' and 'data' arguments are requried.","//","function AccountBase(client, data) {","  if (!(this instanceof AccountBase)) {","    return new AccountBase(client, data);","  }","  BaseModel.call(this, client, data);","}","","AccountBase.prototype = Object.create(BaseModel.prototype);","","// INTERNAL API","//","// ```","// opts = {","//   'colName'  : colName,","// };","// ```","//","AccountBase.prototype._getAll = function(opts, callback, headers) {","  var self = this;","  var args = {};","  var path;","  if (this.hasField(opts, 'next_uri')) {","    path = opts.next_uri.replace('/v2/', '');","    args = null;","  } else {","    path = 'accounts/
[...]
 = this;","  this._getHttp(args.path, args.params, function onGet(err, obj) {","    if (!handleError(err, obj, callback)) {","      if (obj.data.resource) {","        var ObjFunc = self._stringToClass(obj.data.resource);","        callback(null, new ObjFunc(self, obj.data));","      } else {","        callback(null, obj);","      }","    }","  }, headers);","};","","//","// opts = {","// 'colName'  : colName,","// 'params'   : args","// }","//","ClientBase.prototype._postOneHttp = function(opts, callback, headers) {","   var self = this;","   var body = opts.params;","   this._postHttp(opts.colName, body, function onPost(err, obj) {","    if (!handleError(err, obj, callback)) {","      if (obj.data.resource) {","        var ObjFunc = self._stringToClass(obj.data.resource);","        callback(null, new ObjFunc(self, obj.data));","      } else {","        callback(null, obj);","      }","    }","  }, headers);","};","","ClientBase.prototype._stringToClass = function(name) {","  return MODELS[name]","};","","module.exports = ClientBase;",""],"l":{"2":1,"25":1,"26":1,"28":1,"58":1,"60":0,"61":0,"65":0,"73":0,"74":0,"77":0,"78":0,"82":1,"88":1,"91":0,"92":0,"93":0,"95":0,"97":0,"100":1,"101":0,"102":0,"103":0,"105":0,"111":1,"113":0,"116":0,"130":0,"131":0,"134":0,"142":0,"145":1,"146":0,"147":0,"148":0,"151":0,"152":0,"154":0,"155":0,"156":0,"157":0,"159":0,"160":0,"166":1,"168":0,"169":0,"171":0,"173":0,"174":0,"175":0,"176":0,"177":0,"179":0,"185":1,"187":0,"189":0,"191":0,"192":0,"193":0,"194":0,"195":0,"197":0,"204":1,"205":0,"206":0,"208":0,"209":0,"225":1,"226":0,"227":0,"228":0,"229":0,"230":0,"231":0,"233":0,"234":0,"235":0,"237":0,"238":0,"240":0,"241":0,"243":0,"244":0,"248":0,"249":0,"250":0,"251":0,"252":0,"253":0,"254":0,"257":0,"268":1,"269":0,"270":0,"271":0,"272":0,"273":0,"274":0,"276":0,"288":1,"289":0,"290":0,"291":0,"292":0,"293":0,"294":0,"295":0,"297":0,"303":1,"304":0,"307":1}},"/home/travis/build/npmtest/node-npmtest-coinbase/node_modules/coinbase/lib/model/Merchant.js":{"path":"/home/travis/build/npmtest/node-npmtest-coinbase/node_modules/coinbase/lib/model/Merchant.js","s":{"1":1,"2":1,"3":0,"4":0,"5":0,"6":1,"7":1},"b":{"1":[0,0]},"f":{"1":0},"fnMap":{"1":{"name":"Merchant","line":14,"loc":{"start":{"line":14,"column":0},"end":{"line":14,"column":32}}}},"statementMap":{"1":{"start":{"line":2,"column":0},"end":{"line":2,"column":39}},"2":{"start":{"line":14,"column":0},"end":{"line":19,"column":1}},"3":{"start":{"line":15,"column":2},"end":{"line":17,"column":3}},"4":{"start":{"line":16,"column":4},"end":{"line":16,"column":38}},"5":{"start":{"line":18,"column":2},"end":{"line":18,"column":37}},"6":{"start":{"line":21,"column":0},"end":{"line":21,"column":56}},"7":{"start":{"line":23,"column":0},"end":{"line":23,"column":26}}},"branchMap":{"1":{"line":15,"type":"if","locations":[{"start":{"line":15,"column":2},"end":{"line":15,"column":2}},{"start":{"line":15,"column":2},"end":{"line":15,"column":2}}]}},"code":["\"use strict\";","var BaseModel = require('./BaseModel');","","//##CONSTRUCTOR","//","// _args `client` and `data` are required_","//","//```","// var Merchant = require('coinbase').model.Merchant;","// var myMethod = new Merchant(client, data);","//```","// _normally you will get users from `Merchant` methods on the `Client`._","// - - -","function Merchant(client, data) {","  if (!(this instanceof Merchant)) {","    return new Merchant(client, data);","  }","  BaseModel.call(this, client, data);","}","","Merchant.prototype = Object.create(BaseModel.prototype);","","module.exports = Merchant;","",""],"l":{"2":1,"14":1,"15":0,"16":0,"18":0,"21":1,"23":1}},"/home/travis/build/npmtest/node-npmtest-coinbase/node_modules/coinbase/lib/model/Notification.js":{"path":"/home/travis/build/npmtest/node-npmtest-coinbase/node_modules/coinbase/lib/model/Notification.js","s":{"1":1,"2":1,"3":0,"4":0,"5":0,"6":1,"7":1},"b":{"1":[0,0]},"f":{"1":0},"fnMap":{"1":{"name":"Notification","line":14,"loc":{"start":{"line":14,"column":0},"end":{"line":14,"column":36}}}},"statementMap":{"1":{"start":{"line":2,"column":0},"end":{"line":2,"column":41}},"2":{"start":{"line":14,"column":0},"end":{"line":19,"column":1}},"3":{"start":{"line":15,"column":2},"end":{"line":17,"column":3}},"4":{"start":{"line":16,"column":4},"end":{"line":16,"column":42}},"5":{"start":{"line":18,"column":2},"end":{"line":18,"column":37}},"6":{"start":{"line":21,"column":0},"end":{"line":21,"column":60}},"7":{"start":{"line":23,"column":0},"end":{"line":23,"column":30}}},"branchMap":{"1":{"line":15,"type":"if","locations":[{"start":{"line":15,"column":2},"end":{"line":15,"column":2}},{"start":{"line":15,"column":2},"end":{"line":15,"column":2}}]}},"code":["\"use strict\";","var BaseModel   = require('./BaseModel');","","//##CONSTRUCTOR","//","// _args `client` and `data` required_","//","//```","// var Notification = require('coinbase').model.Notification;","// var myNotification = new Notification(client, data);","//```","// - - -","","function Notification(client, data) {","  if (!(this instanceof Notification)) {","    return new Notification(client, data);","  }","  BaseModel.call(this, client, data);","}","","Notification.prototype = Object.create(BaseModel.prototype);","","module.exports = Notification;",""],"l":{"2":1,"14":1,"15":0,"16":0,"18":0,"21":1,"23":1}},"/home/travis/build/npmtest/node-npmtest-coinbase/node_modules/coinbase/lib/model/PaymentMethod.js":{"path":"/home/travis/build/npmtest/node-npmtest-coinbase/node_modules/coinbase/lib/model/PaymentMethod.js","s":{"1":1,"2":1,"3":0,"4":0,"5":0,"6":1,"7":1},"b":{"1":[0,0]},"f":{"1":0},"fnMap":{"1":{"name":"PaymentMethod","line":14,"loc":{"start":{"line":14,"column":0},"end":{"line":14,"column":37}}}},"statementMap":{"1":{"start":{"line":2,"column":0},"end":{"line":2,"column":39}},"2":{"start":{"line":14,"column":0},"end":{"line":19,"column":1}},"3":{"start":{"line":15,"column":2},"end":{"line":17,"column":3}},"4":{"start":{"line":16,"column":4},"end":{"line":16,"column":43}},"5":{"start":{"line":18,"column":2},"end":{"line":18,"column":37}},"6":{"start":{"line":21,"column":0},"end":{"line":21,"column":61}},"7":{"start":{"line":23,"column":0},"end":{"line":23,"column":31}}},"branchMap":{"1":{"line":15,"type":"if","locations":[{"start":{"line":15,"column":2},"end":{"line":15,"column":2}},{"start":{"line":15,"column":2},"end":{"line":15,"column":2}}]}},"code":["\"use strict\";","var BaseModel = require('./BaseModel');","","//##CONSTRUCTOR","//","// _args `client` and `data` are required_","//","//```","// var PaymentMethod = require('coinbase').model.PaymentMethod;","// var myMethod = new PaymentMethod(client, data);","//```","// _normally you will get users from `PaymentMethod` methods on the `Client`._","// - - -","function PaymentMethod(client, data) {","  if (!(this instanceof PaymentMethod)) {","    return new PaymentMethod(client, data);","  }","  BaseModel.call(this, client, data);","}","","PaymentMethod.prototype = Object.create(BaseModel.prototype);","","module.exports = PaymentMethod;","",""],"l":{"2":1,"14":1,"15":0,"16":0,"18":0,"21":1,"23":1}},"/home/travis/build/npmtest/node-npmtest-coinbase/node_modules/coinbase/lib/model/User.js":{"path":"/home/travis/build/npmtest/node-npmtest-coinbase/node_modules/coinbase/lib/model/User.js","s":{"1":1,"2":1,"3":0,"4":0,"5":0,"6":1,"7":1,"8":0,"9":0,"10":0,"11":0,"12":0,"13":0,"14":0,"15":0,"16":0,"17":0,"18":1,"19":0,"20":0,"21":0,"22":0,"23":0,"24":0,"25":0,"26":0,"27":0,"28":0,"29":1},"b":{"1":[0,0],"2":[0,0],"3":[0,0],"4":[0,0],"5":[0,0],"6":[0,0],"7":[0,0]},"f":{"1":0,"2":0,"3":0,"4":0,"5":0},"fnMap":{"1":{"name":"User","line":5,"loc":{"start":{"line":5,"column":0},"end":{"line":5,"column":28}}},"2":{"name":"(anonymous_2)","line":14,"loc":{"start":{"line":14,"column":24},"end":{"line":14,"column":49}}},"3":{"name":"onPut","line":24,"loc":{"start":{"line":24,"column":35},"end":{"line":24,"column":63}}},"4":{"name":"(anonymous_4)","line":31,"loc":{"start":{"line":31,"column":26},"end":{"line":31,"column":45}}},"5":{"name":"onGet","line":41,"loc":{"start":{"line":41,"column":35},"end":{"line":41,"column":63}}}},"statementMap":{"1":{"start":{"line":2,"column":0},"end":{"line":3,"column":57}},"2":{"start":{"line":5,"column":0},"end":{"line":10,"column":1}},"3":{"start":{"line":6,"column":2},"end":{"line":8,"column":3}},"4":{"start":{"line":7,"column":4},"end":{"line":7,"column":34}},"5":{"start":{"line":9,"column":2},"end":{"line":9,"column":37}},"6":{"start":{"line":12,"column":0},"end":{"line":12,"column":52}},"7":{"start":{"line":14,"column":0},"end":{"line":29,"column":2}},"8":{"start":{"line":15,"column":2},"end":{"line":15,"column":18}},"9":{"start":{"line":16,"column":2},"end":{"line":16,"column":40}},"10":{"start":{"line":16,"column":21},"end":{"line":16,"column":39}},"11":{"start":{"line":17,"column":2},"end":{"line":20,"column":3}},"12":{"start":{"line":18,"column":4},"end":{"line":18,"column":44}},"13":{"start":{"line":19,"column":4},"end":{"line":19,"column":11}},"14":{"start":{"line":22,"column":2},"end":{"line":22,"column":20}},"15":{"start":{"line":24,"column":2},"end":{"line":28,"column":5}},"16":{"start":{"line":25,"column":4},"end":{"line":27,"column":5}},"17":{"start":{"line":26,"column":6},"end":{"line":26,"column":57}},"18":{"start":{"line":31,"column":0},"end":{"line":46,"column":2}},"19":{"start":{"line":32,"column":2},"end":{"line":32,"column":18}},"20":{"start":{"line":33,"column":2},"end":{"line":33,"column":40}},"21":{"start":{"line":33,"column":21},"end":{"line":33,"column":39}},"22":{"start":{"line":34,"column":2},"end":{"line":37,"column":3}},"23":{"start":{"line":35,"column":4},"end":{"line":35,"column":44}},"24":{"start":{"line":36,"column":4},"end":{"line":36,"column":11}},"25":{"start":{"line":39,"column":2},"end":{"line":39,"column":25}},"26":{"start":{"line":41,"column":2},"end":{"line":45,"column":5}},"27":{"start":{"line":42,"column":4},"end":{"line":44,"column":5}},"28":{"start":{"line":43,"column":6},"end":{"line":43,"column":34}},"29":{"start":{"line":48,"column":0},"end":{"line":48,"column":22}}},"branchMap":{"1":{"line":6,"type":"if","locations":[{"start":{"line":6,"column":2},"end":{"line":6,"column":2}},{"start":{"line":6,"column":2},"end":{"line":6,"column":2}}]},"2":{"line":16,"type":"if","locations":[{"start":{"line":16,"column":2},"end":{"line":16,"column":2}},{"start":{"line":16,"column":2},"end":{"line":16,"column":2}}]},"3":{"line":17,"type":"if","locations":[{"start":{"line":17,"column":2},"end":{"line":17,"column":2}},{"start":{"line":17,"column":2},"end":{"line":17,"column":2}}]},"4":{"line":25,"type":"if","locations":[{"start":{"line":25,"column":4},"end":{"line":25,"column":4}},{"start":{"line":25,"column":4},"end":{"line":25,"column":4}}]},"5":{"line":33,"type":"if","locations":[{"start":{"line":33,"column":2},"end":{"line":33,"column":2}},{"start":{"line":33,"column":2},"end":{"line":33,"column":2}}]},"6":{"line":34,"type":"if","locations":[{"start":{"line":34,"column":2},"end":{"line":34,"column":2}},{"start":{"line":34,"column":2},"end":{"line":34,"column":2}}]},"7":{"line":42,"type":"if","locations":[{"start":{"line":42,"column":4},"end":{"line":42,"column":4}},{"start":{"line":42,"column":4},"end":{"line":42,"column":4}}]}},"code":["\"use strict\";","var BaseModel   = require('./BaseModel'),","    handleError = require('../errorHandler').handleError;","","function User(client, data) {","  if (!(this instanceof User)) {","    return new User(client, data);","  }","  BaseModel.call(this, client, data);","}","","User.prototype = Object.create(BaseModel.prototype);","","User.prototype.update = function(args, callback) {","  var self = this;","  if (!self.client) {throw \"no client\";}","  if (!self.id) {","    callback(new Error(\"no user id\"), null);","    return;","  }","","  var path = 'user';","","  self.client._putHttp(path, args, function onPut(err, result) {","    if (!handleError(err, result, callback)) {","      callback(null, new User(self.client, result.data));","    }","  });","};","","User.prototype.showAuth = function(callback) {","  var self = this;","  if (!self.client) {throw \"no client\";}","  if (!self.id) {","    callback(new Error(\"no user id\"), null);","    return;","  }","","  var path = 'user/auth';","","  self.client._getHttp(path, null, function onGet(err, result) {","    if (!handleError(err, result, callback)) {","      callback(null, result.data);","    }","  });","};","","module.exports = User;",""],"l":{"2":1,"5":1,"6":0,"7":0,"9":0,"12":1,"14":1,"15":0,"16":0,"17":0,"18":0,"19":0,"22":0,"24":0,"25":0,"26":0,"31":1,"32":0,"33":0,"34":0,"35":0,"36":0,"39":0,"41":0,"42":0,"43":0,"48":1}},"/home/travis/build/npmtest/node-npmtest-coinbase/node_modules/coinbase/lib/CoinbaseCertStore.js":{"path":"/home/travis/build/npmtest/node-npmtest-coinbase/node_modules/coinbase/lib/CoinbaseCertStore.js","s":{"1":1,"2":1},"b":{},"f":{},"fnMap":{},"statementMap":{"1":{"start":{"line":3,"column":0},"end":{"line":83,"column":2}},"2":{"start":{"line":85,"column":0},"end":{"line":85,"column":28}}},"branchMap":{},"code":["\"use strict\";","","var cert_store = [","  [","    \"-----BEGIN CERTIFICATE-----\",","    \"MIIDrzCCApegAwIBAgIQCDvgVpBCRrGhdWrJWZHHSjANBgkqhkiG9w0BAQUFADBh\",","    \"MQswCQYDVQQGEwJVUzEVMBMGA1UEChMMRGlnaUNlcnQgSW5jMRkwFwYDVQQLExB3\",","    \"d3cuZGlnaWNlcnQuY29tMSAwHgYDVQQDExdEaWdpQ2VydCBHbG9iYWwgUm9vdCBD\",","    \"QTAeFw0wNjExMTAwMDAwMDBaFw0zMTExMTAwMDAwMDBaMGExCzAJBgNVBAYTAlVT\",","    \"MRUwEwYDVQQKEwxEaWdpQ2VydCBJbmMxGTAXBgNVBAsTEHd3dy5kaWdpY2VydC5j\",","    \"b20xIDAeBgNVBAMTF0RpZ2lDZXJ0IEdsb2JhbCBSb290IENBMIIBIjANBgkqhkiG\",","    \"9w0BAQEFAAOCAQ8AMIIBCgKCAQEA4jvhEXLeqKTTo1eqUKKPC3eQyaKl7hLOllsB\",","    \"CSDMAZOnTjC3U/dDxGkAV53ijSLdhwZAAIEJzs4bg7/fzTtxRuLWZscFs3YnFo97\",","    \"nh6Vfe63SKMI2tavegw5BmV/Sl0fvBf4q77uKNd0f3p4mVmFaG5cIzJLv07A6Fpt\",","    \"43C/dxC//AH2hdmoRBBYMql1GNXRor5H4idq9Joz+EkIYIvUX7Q6hL+hqkpMfT7P\",","    \"T19sdl6gSzeRntwi5m3OFBqOasv+zbMUZBfHWymeMr/y7vrTC0LUq7dBMtoM1O/4\",","    \"gdW7jVg/tRvoSSiicNoxBN33shbyTApOB6jtSj1etX+jkMOvJwIDAQABo2MwYTAO\",","    \"BgNVHQ8BAf8EBAMCAYYwDwYDVR0TAQH/BAUwAwEB/zAdBgNVHQ4EFgQUA95QNVbR\",","    \"TLtm8KPiGxvDl7I90VUwHwYDVR0jBBgwFoAUA95QNVbRTLtm8KPiGxvDl7I90VUw\",","    \"DQYJKoZIhvcNAQEFBQADggEBAMucN6pIExIK+t1EnE9SsPTfrgT1eXkIoyQY/Esr\",","    \"hMAtudXH/vTBH1jLuG2cenTnmCmrEbXjcKChzUyImZOMkXDiqw8cvpOp/2PV5Adg\",","    \"06O/nVsJ8dWO41P0jmP6P6fbtGbfYmbW0W5BjfIttep3Sp+dWOIrWcBAI+0tKIJF\",","    \"PnlUkiaY4IBIqDfv8NZ5YBberOgOzW6sRBc4L0na4UU+Krk2U886UAb3LujEV0ls\",","    \"YSEY1QSteDwsOoBrp+uvFRTp2InBuThs4pFsiv9kuXclVzDAGySj4dzp30d8tbQk\",","    \"CAUw7C29C79Fv1C5qfPrmAESrciIxpg0X40KPMbp1ZWVbd4=\",","    \"-----END CERTIFICATE-----\"","  ].join(\"\\n\"),","  [","    \"-----BEGIN CERTIFICATE-----\",","    \"MIIE0zCCA7ugAwIBAgIQGNrRniZ96LtKIVjNzGs7SjANBgkqhkiG9w0BAQUFADCB\",","    \"yjELMAkGA1UEBhMCVVMxFzAVBgNVBAoTDlZlcmlTaWduLCBJbmMuMR8wHQYDVQQL\",","    \"ExZWZXJpU2lnbiBUcnVzdCBOZXR3b3JrMTowOAYDVQQLEzEoYykgMjAwNiBWZXJp\",","    \"U2lnbiwgSW5jLiAtIEZvciBhdXRob3JpemVkIHVzZSBvbmx5MUUwQwYDVQQDEzxW\",","    \"ZXJpU2lnbiBDbGFzcyAzIFB1YmxpYyBQcmltYXJ5IENlcnRpZmljYXRpb24gQXV0\",","    \"aG9yaXR5IC0gRzUwHhcNMDYxMTA4MDAwMDAwWhcNMzYwNzE2MjM1OTU5WjCByjEL\",","    \"MAkGA1UEBhMCVVMxFzAVBgNVBAoTDlZlcmlTaWduLCBJbmMuMR8wHQYDVQQLExZW\",","    \"ZXJpU2lnbiBUcnVzdCBOZXR3b3JrMTowOAYDVQQLEzEoYykgMjAwNiBWZXJpU2ln\",","    \"biwgSW5jLiAtIEZvciBhdXRob3JpemVkIHVzZSBvbmx5MUUwQwYDVQQDEzxWZXJp\",","    \"U2lnbiBDbGFzcyAzIFB1YmxpYyBQcmltYXJ5IENlcnRpZmljYXRpb24gQXV0aG9y\",","    \"aXR5IC0gRzUwggEiMA0GCSqGSIb3DQEBAQUAA4IBDwAwggEKAoIBAQCvJAgIKXo1\",","    \"nmAMqudLO07cfLw8RRy7K+D+KQL5VwijZIUVJ/XxrcgxiV0i6CqqpkKzj/i5Vbex\",","    \"t0uz/o9+B1fs70PbZmIVYc9gDaTY3vjgw2IIPVQT60nKWVSFJuUrjxuf6/WhkcIz\",","    \"SdhDY2pSS9KP6HBRTdGJaXvHcPaz3BJ023tdS1bTlr8Vd6Gw9KIl8q8ckmcY5fQG\",","    \"BO+QueQA5N06tRn/Arr0PO7gi+s3i+z016zy9vA9r911kTMZHRxAy3QkGSGT2RT+\",","    \"rCpSx4/VBEnkjWNHiDxpg8v+R70rfk/Fla4OndTRQ8Bnc+MUCH7lP59zuDMKz10/\",","    \"NIeWiu5T6CUVAgMBAAGjgbIwga8wDwYDVR0TAQH/BAUwAwEB/zAOBgNVHQ8BAf8E\",","    \"BAMCAQYwbQYIKwYBBQUHAQwEYTBfoV2gWzBZMFcwVRYJaW1hZ2UvZ2lmMCEwHzAH\",","    \"BgUrDgMCGgQUj+XTGoasjY5rw8+AatRIGCx7GS4wJRYjaHR0cDovL2xvZ28udmVy\",","    \"aXNpZ24uY29tL3ZzbG9nby5naWYwHQYDVR0OBBYEFH/TZafC3ey78DAJ80M5+gKv\",","    \"MzEzMA0GCSqGSIb3DQEBBQUAA4IBAQCTJEowX2LP2BqYLz3q3JktvXf2pXkiOOzE\",","    \"p6B4Eq1iDkVwZMXnl2YtmAl+X6/WzChl8gGqCBpH3vn5fJJaCGkgDdk+bW48DW7Y\",","    \"5gaRQBi5+MHt39tBquCWIMnNZBU4gcmU7qKEKQsTb47bDN0lAtukixlE0kF6BWlK\",","    \"WE9gyn6CagsCqiUXObXbf+eEZSqVir2G3l6BFoMtEMze/aiCKm0oHw0LxOXnGiYZ\",","    \"4fQRbxC1lfznQgUy286dUV4otp6F01vvpX1FQHKOtw5rDgb7MzVIcbidJ4vEZV8N\",","    \"hnacRHr2lVz2XTIIM6RUthg/aFzyQkqFOFSDX9HoLPKsEdao7WNq\",","    \"-----END CERTIFICATE-----\"","  ].join(\"\\n\"),","  [","    \"-----BEGIN CERTIFICATE-----\",","    \"MIIDxTCCAq2gAwIBAgIQAqxcJmoLQJuPC3nyrkYldzANBgkqhkiG9w0BAQUFADBs\",","    \"MQswCQYDVQQGEwJVUzEVMBMGA1UEChMMRGlnaUNlcnQgSW5jMRkwFwYDVQQLExB3\",","    \"d3cuZGlnaWNlcnQuY29tMSswKQYDVQQDEyJEaWdpQ2VydCBIaWdoIEFzc3VyYW5j\",","    \"ZSBFViBSb290IENBMB4XDTA2MTExMDAwMDAwMFoXDTMxMTExMDAwMDAwMFowbDEL\",","    \"MAkGA1UEBhMCVVMxFTATBgNVBAoTDERpZ2lDZXJ0IEluYzEZMBcGA1UECxMQd3d3\",","    \"LmRpZ2ljZXJ0LmNvbTErMCkGA1UEAxMiRGlnaUNlcnQgSGlnaCBBc3N1cmFuY2Ug\",","    \"RVYgUm9vdCBDQTCCASIwDQYJKoZIhvcNAQEBBQADggEPADCCAQoCggEBAMbM5XPm\",","    \"+9S75S0tMqbf5YE/yc0lSbZxKsPVlDRnogocsF9ppkCxxLeyj9CYpKlBWTrT3JTW\",","    \"PNt0OKRKzE0lgvdKpVMSOO7zSW1xkX5jtqumX8OkhPhPYlG++MXs2ziS4wblCJEM\",","    \"xChBVfvLWokVfnHoNb9Ncgk9vjo4UFt3MRuNs8ckRZqnrG0AFFoEt7oT61EKmEFB\",","    \"Ik5lYYeBQVCmeVyJ3hlKV9Uu5l0cUyx+mM0aBhakaHPQNAQTXKFx01p8VdteZOE3\",","    \"hzBWBOURtCmAEvF5OYiiAhF8J2a3iLd48soKqDirCmTCv2ZdlYTBoSUeh10aUAsg\",","    \"EsxBu24LUTi4S8sCAwEAAaNjMGEwDgYDVR0PAQH/BAQDAgGGMA8GA1UdEwEB/wQF\",","    \"MAMBAf8wHQYDVR0OBBYEFLE+w2kD+L9HAdSYJhoIAu9jZCvDMB8GA1UdIwQYMBaA\",","    \"FLE+w2kD+L9HAdSYJhoIAu9jZCvDMA0GCSqGSIb3DQEBBQUAA4IBAQAcGgaX3Nec\",","    \"nzyIZgYIVyHbIUf4KmeqvxgydkAQV8GK83rZEWWONfqe/EW1ntlMMUu4kehDLI6z\",","    \"eM7b41N5cdblIZQB2lWHmiRk9opmzN6cN82oNLFpmyPInngiK3BD41VHMWEZ71jF\",","    \"hS9OMPagMRYjyOfiZRYzy78aG6A9+MpeizGLYAiJLQwGXFK3xPkKmNEVX58Svnw2\",","    \"Yzi9RKR/5CYrCsSXaQ3pjOLAEFe4yHYSkVXySGnYvCoCWw9E1CAx2/S6cCZdkGCe\",","    \"vEsXCS+0yx5DaMkHJ8HSXPfqIbloEpw8nL+e/IBcm2PN7EeqJSdnoDfzAIJ9VNep\",","    \"+OkuE6N36B9K\",","    \"-----END CERTIFICATE-----\"","  ].join(\"\\n\")","];","","module.exports = cert_store;",""],"l":{"3":1,"85":1}},"/home/travis/build/npmtest/node-npmtest-coinbase/node_modules/coinbase/lib/CallbackKey.js":{"path":"/home/travis/build/npmtest/node-npmtest-coinbase/node_modules/coinbase/lib/CallbackKey.js","s":{"1":1,"2":1},"b":{},"f":{},"fnMap":{},"statementMap":{"1":{"start":{"line":2,"column":0},"end":{"line":17,"column":13}},"2":{"start":{"line":19,"column":0},"end":{"line":19,"column":28}}},"branchMap":{},"code":["\"use strict\";","var public_key = [","  \"-----BEGIN PUBLIC KEY-----\",","  \"MIICIjANBgkqhkiG9w0BAQEFAAOCAg8AMIICCgKCAgEA9MsJBuXzFGIh/xkAA9Cy\",","  \"QdZKRerV+apyOAWY7sEYV/AJg+AX/tW2SHeZj+3OilNYm5DlBi6ZzDboczmENrFn\",","  \"mUXQsecsR5qjdDWb2qYqBkDkoZP02m9o9UmKObR8coKW4ZBw0hEf3fP9OEofG2s7\",","  \"Z6PReWFyQffnnecwXJoN22qjjsUtNNKOOo7/l+IyGMVmdzJbMWQS4ybaU9r9Ax0J\",","  \"4QUJSS/S4j4LP+3Z9i2DzIe4+PGa4Nf7fQWLwE45UUp5SmplxBfvEGwYNEsHvmRj\",","  \"usIy2ZunSO2CjJ/xGGn9+/57W7/SNVzk/DlDWLaN27hUFLEINlWXeYLBPjw5GGWp\",","  \"ieXGVcTaFSLBWX3JbOJ2o2L4MxinXjTtpiKjem9197QXSVZ/zF1DI8tRipsgZWT2\",","  \"/UQMqsJoVRXHveY9q9VrCLe97FKAUiohLsskr0USrMCUYvLU9mMw15hwtzZlKY8T\",","  \"dMH2Ugqv/CPBuYf1Bc7FAsKJwdC504e8kAUgomi4tKuUo25LPZJMTvMTs/9IsRJv\",","  \"I7ibYmVR3xNsVEpupdFcTJYGzOQBo8orHKPFn1jj31DIIKociCwu6m8ICDgLuMHj\",","  \"7bUHIlTzPPT7hRPyBQ1KdyvwxbguqpNhqp1hG2sghgMr0M6KMkUEz38JFElsVrpF\",","  \"4z+EqsFcIZzjkSG16BjjjTkCAwEAAQ==\",","  \"-----END PUBLIC KEY-----\"","].join(\"\\n\");","","module.exports = public_key;",""],"l":{"2":1,"19":1}}}